  UID   PID  PPID   C STIME   TTY           TIME CMD
    0     1     0   0 Sat05PM ??         5:25.09 /sbin/launchd
    0   298     1   0 Sat05PM ??         4:17.16 /usr/libexec/logd
    0   299     1   0 Sat05PM ??         0:00.09 /usr/libexec/smd
    0   300     1   0 Sat05PM ??         0:22.37 /usr/libexec/UserEventAgent (System)
    0   302     1   0 Sat05PM ??         1:17.96 /System/Library/Frameworks/CoreServices.framework/Versions/A/Frameworks/FSEvents.framework/Versions/A/Support/fseventsd
    0   303     1   0 Sat05PM ??         0:15.67 /System/Library/PrivateFrameworks/MediaRemote.framework/Support/mediaremoted
    0   306     1   0 Sat05PM ??         0:07.75 /usr/sbin/systemstats --daemon
  278   308     1   0 Sat05PM ??         0:00.49 /System/Library/PrivateFrameworks/MobileAccessoryUpdater.framework/Support/accessoryupdaterd 120
    0   309     1   0 Sat05PM ??         1:50.27 /usr/libexec/configd
    0   310     1   0 Sat05PM ??         0:00.01 endpointsecurityd
    0   311     1   0 Sat05PM ??         1:03.33 /System/Library/CoreServices/powerd.bundle/powerd
    0   312     1   0 Sat05PM ??         0:00.03 /usr/libexec/IOMFB_bics_daemon
    0   314     1   0 Sat05PM ??         0:00.48 /usr/libexec/amfid
    0   318     1   0 Sat05PM ??         0:00.37 /usr/libexec/keybagd -t 15
  200   319     1   0 Sat05PM ??         0:00.76 /System/Library/PrivateFrameworks/MobileSoftwareUpdate.framework/Support/softwareupdated
    0   321     1   0 Sat05PM ??         0:01.84 /usr/libexec/watchdogd
    0   325     1   0 Sat05PM ??         1:48.11 /System/Library/Frameworks/CoreServices.framework/Frameworks/Metadata.framework/Support/mds
  240   326     1   0 Sat05PM ??         0:00.19 /System/Library/CoreServices/iconservicesd
    0   327     1   0 Sat05PM ??         0:01.16 /usr/libexec/kernelmanagerd
    0   328     1   0 Sat05PM ??         0:02.35 /usr/libexec/diskarbitrationd
    0   331     1   0 Sat05PM ??         5:14.62 /usr/libexec/coreduetd
    0   332     1   0 Sat05PM ??         0:09.84 /usr/sbin/syslogd
    0   335     1   0 Sat05PM ??         0:08.91 /usr/libexec/thermalmonitord
    0   336     1   0 Sat05PM ??         2:02.28 /usr/libexec/opendirectoryd
    0   338     1   0 Sat05PM ??         0:34.48 /System/Library/PrivateFrameworks/ApplePushService.framework/apsd
    0   339     1   0 Sat05PM ??         0:33.20 /System/Library/CoreServices/launchservicesd
  266   340     1   0 Sat05PM ??         0:03.47 /usr/libexec/timed
  213   341     1   0 Sat05PM ??         0:00.39 /System/Library/PrivateFrameworks/MobileDevice.framework/Versions/A/Resources/usbmuxd -launchd
    0   342     1   0 Sat05PM ??         0:10.28 /usr/sbin/securityd -i
  205   344     1   0 Sat05PM ??         2:33.30 /usr/libexec/locationd
    0   345     1   0 Sat05PM ??         0:04.77 /usr/libexec/nesessionmanager
    0   347     1   0 Sat05PM ??         0:00.02 autofsd
    0   348     1   0 Sat05PM ??         2:25.28 /usr/libexec/dasd
  241   350     1   0 Sat05PM ??         0:15.87 /usr/sbin/distnoted daemon
    0   351     1   0 Sat05PM ??         0:00.12 /System/Library/PrivateFrameworks/AppleCredentialManager.framework/AppleCredentialManagerDaemon
    0   353     1   0 Sat05PM ??         0:00.08 /usr/libexec/dirhelper
    0   354     1   0 Sat05PM ??         0:00.22 /System/Library/CoreServices/logind
    0   355     1   0 Sat05PM ??         0:00.54 /System/Library/PrivateFrameworks/GenerationalStorage.framework/Versions/A/Support/revisiond
    0   356     1   0 Sat05PM ??         0:00.01 /usr/sbin/KernelEventAgent
    0   357     1   0 Sat05PM ??         0:00.81 /usr/libexec/usermanagerd -t 15
    0   359     1   0 Sat05PM ??         6:23.97 /usr/sbin/bluetoothd
    0   360     1   0 Sat05PM ??         0:39.07 /usr/sbin/notifyd
    0   361     1   0 Sat05PM ??         0:00.55 /usr/libexec/sandboxd
    0   362     1   0 Sat05PM ??         1:23.17 /usr/libexec/corebrightnessd --launchd
    0   363     1   0 Sat05PM ??         0:15.53 /usr/libexec/AirPlayXPCHelper
    0   364     1   0 Sat05PM ??         0:07.13 /System/Library/Frameworks/CoreMediaIO.framework/Versions/A/Resources/com.apple.cmio.registerassistantservice
    0   365     1   0 Sat05PM ??         0:00.44 /usr/libexec/logd_helper
   88   366     1   0 Sat05PM ??        77:50.06 /System/Library/PrivateFrameworks/SkyLight.framework/Resources/WindowServer -daemon
    0   367     1   0 Sat05PM ??         0:17.07 /System/Library/PrivateFrameworks/TCC.framework/Support/tccd system
    0   368     1   0 Sat05PM ??         0:39.62 /usr/sbin/cfprefsd daemon
    0   369     1   0 Sat05PM ??         0:00.08 aslmanager
  501   370     1   0 Sat05PM ??         1:03.88 /System/Library/CoreServices/loginwindow.app/Contents/MacOS/loginwindow console
    0   372     1   0 Sat05PM ??         5:15.04 /usr/libexec/runningboardd
    0   373     1   0 Sat05PM ??         0:31.92 /System/Library/PrivateFrameworks/CoreDuetContext.framework/Resources/contextstored
    0   374     1   0 Sat05PM ??         0:01.38 /System/Library/CoreServices/coreservicesd
    0   375     1   0 Sat05PM ??         0:11.36 /usr/libexec/lsd runAsRoot
    0   376     1   0 Sat05PM ??         0:00.23 /usr/libexec/containermanagerd_system --runmode=privileged --user-container-mode=current --bundle-container-mode=global --bundle-container-owner=_appinstalld --system-container-mode=none
  263   377     1   0 Sat05PM ??         0:22.27 /System/Library/PrivateFrameworks/CoreAnalytics.framework/Support/analyticsd
    0   378     1   0 Sat05PM ??         9:40.47 /usr/libexec/airportd
    0   380     1   0 Sat05PM ??         0:00.01 /System/Library/Frameworks/CoreServices.framework/Versions/A/Frameworks/CarbonCore.framework/Versions/A/XPCServices/csnameddatad.xpc/Contents/MacOS/csnameddatad
    0   381     1   0 Sat05PM ??         0:03.67 /System/Library/PrivateFrameworks/SystemStatusServer.framework/Support/systemstatusd
  202   382     1   0 Sat05PM ??        23:37.98 /usr/sbin/coreaudiod
    0   383     1   0 Sat05PM ??         0:00.05 /System/Library/CoreServices/liquiddetectiond.app/liquiddetectiond
  242   384     1   0 Sat05PM ??         0:10.28 /usr/libexec/nsurlsessiond --privileged
    0   386     1   0 Sat05PM ??         0:05.69 /usr/libexec/nehelper
    0   387     1   0 Sat05PM ??         0:00.10 /usr/libexec/usbd
    0   388     1   0 Sat05PM ??         0:02.20 /usr/libexec/biometrickitd --launchd
    0   389     1   0 Sat05PM ??         0:01.32 /usr/libexec/eligibilityd
    0   390     1   0 Sat05PM ??         0:02.44 /usr/sbin/distnoted agent
    0   391     1   0 Sat05PM ??         0:00.06 /usr/libexec/trustdFileHelper
  261   393     1   0 Sat05PM ??         0:00.42 /usr/libexec/hidd
    0   394     1   0 Sat05PM ??         0:00.07 /usr/libexec/secinitd
    0   396     1   0 Sat05PM ??         0:00.11 /usr/libexec/powerexperienced
    0   397     1   0 Sat05PM ??         0:01.88 /System/Library/CoreServices/TimeMachine/backupd-helper -launchd
    0   398     1   0 Sat05PM ??         0:00.66 /usr/libexec/PowerUIAgent
    0   402     1   0 Sat05PM ??         2:07.26 /usr/libexec/mobileassetd
   88   403     1   0 Sat05PM ??         0:01.96 /usr/sbin/distnoted agent
  202   405     1   0 Sat05PM ??         0:01.89 /usr/sbin/distnoted agent
    0   408     1   0 Sat05PM ??         0:00.02 /usr/libexec/cryptexd
  202   410     1   0 Sat05PM ??         0:00.01 /System/Library/Frameworks/CoreAudio.framework/Versions/A/XPCServices/com.apple.audio.DriverHelper.xpc/Contents/MacOS/com.apple.audio.DriverHelper
  289   411     1   0 Sat05PM ??         0:07.17 /System/Library/PrivateFrameworks/BiomeStreams.framework/Support/biomed
    0   412     1   0 Sat05PM ??         0:06.29 /System/Library/Frameworks/Security.framework/Versions/A/XPCServices/authd.xpc/Contents/MacOS/authd
    0   414     1   0 Sat05PM ??         0:16.17 /usr/libexec/syspolicyd
    0   417     1   0 Sat05PM ??         0:00.06 /System/Library/Frameworks/AudioToolbox.framework/AudioComponentRegistrar -daemon
   65   448     1   0 Sat05PM ??         1:43.61 /usr/sbin/mDNSResponder
  202   453     1   0 Sat05PM ??         0:00.02 /System/Library/Frameworks/AudioToolbox.framework/XPCServices/com.apple.audio.SandboxHelper.xpc/Contents/MacOS/com.apple.audio.SandboxHelper
    0   457     1   0 Sat05PM ??         0:01.06 /usr/libexec/storagekitd
    0   458     1   0 Sat05PM ??         0:35.91 /usr/libexec/audioclocksyncd
   24   461     1   0 Sat05PM ??         1:25.98 /usr/libexec/symptomsd
    0   463     1   0 Sat05PM ??         0:00.02 /usr/libexec/colorsync.displayservices
    0   464     1   0 Sat05PM ??         0:00.01 /System/Library/Frameworks/ColorSync.framework/Versions/A/XPCServices/com.apple.ColorSyncXPCAgent.xpc/Contents/MacOS/com.apple.ColorSyncXPCAgent
    0   466     1   0 Sat05PM ??         0:00.04 /usr/libexec/colorsyncd
    0   467     1   0 Sat05PM ??         0:00.63 /System/Library/Frameworks/Security.framework/Versions/A/XPCServices/com.apple.CodeSigningHelper.xpc/Contents/MacOS/com.apple.CodeSigningHelper
    0   468     1   0 Sat05PM ??         0:00.01 /System/Library/Frameworks/NetFS.framework/Versions/A/XPCServices/PlugInLibraryService.xpc/Contents/MacOS/PlugInLibraryService
  262   469     1   0 Sat05PM ??         0:01.80 /usr/sbin/distnoted agent
   55   471     1   0 Sat05PM ??         0:00.49 /System/Library/CoreServices/appleeventsd --server
    0   472     1   0 Sat05PM ??         0:11.02 /usr/libexec/audioanalyticsd
  202   473     1   0 Sat05PM ??         0:00.02 /System/Library/PrivateFrameworks/AppleDeviceQuerySupport.framework/Versions/A/XPCServices/AppleDeviceQueryService.xpc/Contents/MacOS/AppleDeviceQueryService
    0   474     1   0 Sat05PM ??         0:00.07 /System/Library/Frameworks/SystemExtensions.framework/Versions/A/Helpers/sysextd
    0   475     1   0 Sat05PM ??         0:02.44 /usr/sbin/mDNSResponderHelper
  301   478     1   0 Sat05PM ??         0:00.30 /usr/libexec/modelmanagerd
    0   481     1   0 Sat05PM ??         0:00.43 /System/Library/PrivateFrameworks/ModelCatalogRuntime.framework/Versions/A/modelcatalogd
    0   482     1   0 Sat05PM ??         0:00.28 /System/Library/PrivateFrameworks/BackgroundTaskManagement.framework/Resources/backgroundtaskmanagementd -daemon
  200   483     1   0 Sat05PM ??         0:07.03 /System/Library/CoreServices/Software Update.app/Contents/Resources/softwareupdated
    0   484     1   0 Sat05PM ??         0:00.02 /usr/libexec/ApplicationFirewall/socketfilterfw
  270   490     1   0 Sat05PM ??        11:56.62 /System/Library/DriverExtensions/com.apple.DriverKit-AppleBCMWLAN.dext/com.apple.DriverKit-AppleBCMWLAN com.apple.bcmwlan 0x100000ab6 com.apple.DriverKit-AppleBCMWLAN
  270   491     1   0 Sat05PM ??         0:00.18 /System/Library/DriverExtensions/com.apple.DriverKit-IOUserDockChannelSerial.dext/com.apple.DriverKit-IOUserDockChannelSerial com.apple.IOUserDockChannelSerial 0x100000bcb com.apple.DriverKit-IOUserDockChannelSerial
  270   492     1   0 Sat05PM ??         1:42.13 /System/Library/DriverExtensions/com.apple.AppleUserHIDDrivers.dext/com.apple.AppleUserHIDDrivers com.apple.driverkit.AppleUserHIDDrivers 0x100000bcc com.apple.AppleUserHIDDrivers
    0   494     1   0 Sat05PM ??         0:04.54 /System/Library/PrivateFrameworks/ViewBridge.framework/Versions/A/XPCServices/ViewBridgeAuxiliary.xpc/Contents/MacOS/ViewBridgeAuxiliary
    0   495     1   0 Sat05PM ??         0:00.04 /usr/libexec/bootinstalld
    0   496     1   0 Sat05PM ??         0:00.04 /System/Library/CoreServices/Software Update.app/Contents/Resources/suhelperd
  205   497     1   0 Sat05PM ??         0:02.57 /System/Library/PrivateFrameworks/GeoServices.framework/Versions/A/XPCServices/com.apple.geod.xpc/Contents/MacOS/com.apple.geod
  205   498     1   0 Sat05PM ??         0:01.78 /usr/sbin/distnoted agent
    0   500     1   0 Sat05PM ??         0:00.12 /System/Library/PrivateFrameworks/AccountPolicy.framework/XPCServices/com.apple.AccountPolicyHelper.xpc/Contents/MacOS/com.apple.AccountPolicyHelper
  205   501     1   0 Sat05PM ??         0:00.06 /usr/libexec/secinitd
    0   502     1   0 Sat05PM ??         0:02.07 /System/Library/Frameworks/ApplicationServices.framework/Versions/A/Frameworks/HIServices.framework/Versions/A/XPCServices/com.apple.hiservices-xpcservice.xpc/Contents/MacOS/com.apple.hiservices-xpcservice
  205   506     1   0 Sat05PM ??         0:00.06 /usr/sbin/cfprefsd agent
    0   507     1   0 Sat05PM ??         0:04.56 /usr/libexec/securityd_system
  200   509     1   0 Sat05PM ??         0:01.72 /usr/sbin/distnoted agent
    0   510     1   0 Sat05PM ??         0:17.24 /usr/sbin/WirelessRadioManagerd
  205   512     1   0 Sat05PM ??         0:00.08 /usr/libexec/containermanagerd --runmode=agent --user-container-mode=current --bundle-container-mode=proxy --system-container-mode=none
    0   513     1   0 Sat05PM ??         0:05.24 /System/Library/CoreServices/TimeMachine/backupd
    0   514     1   0 Sat05PM ??         0:00.10 /System/Library/Frameworks/GSS.framework/Helpers/GSSCred
    0   515     1   0 Sat05PM ??         0:00.11 /usr/libexec/findmybeaconingd
    0   517     1   0 Sat05PM ??         0:00.27 /System/Library/PrivateFrameworks/MobileSoftwareUpdate.framework/Versions/A/XPCServices/com.apple.MobileSoftwareUpdate.CleanupPreparePathService.xpc/Contents/MacOS/com.apple.MobileSoftwareUpdate.CleanupPreparePathService
    0   519     1   0 Sat05PM ??         0:01.26 /System/Library/Frameworks/LocalAuthentication.framework/Support/coreauthd
  501   520     1   0 Sat05PM ??         1:05.06 /usr/sbin/distnoted agent
  501   521     1   0 Sat05PM ??         0:44.33 /usr/sbin/cfprefsd agent
    0   522     1   0 Sat05PM ??         0:00.04 /usr/libexec/applekeystored
  501   523     1   0 Sat05PM ??         0:43.21 /usr/libexec/UserEventAgent (Aqua)
  247   524     1   0 Sat05PM ??         0:02.48 /usr/libexec/gamecontrollerd
  260   525     1   0 Sat05PM ??         0:00.81 /usr/libexec/seld
  262   528     1   0 Sat05PM ??         3:53.13 /usr/sbin/appleh13camerad
  262   529     1   0 Sat05PM ??         0:00.06 /usr/libexec/cameracaptured
  262   530     1   0 Sat05PM ??         0:00.36 /System/Library/Frameworks/CoreMediaIO.framework/Versions/A/Resources/UVCAssistant.systemextension/Contents/MacOS/UVCAssistant
  501   531     1   0 Sat05PM ??         0:10.38 /System/Library/CoreServices/CoreServicesUIAgent.app/Contents/MacOS/CoreServicesUIAgent
  501   532     1   0 Sat05PM ??         0:05.67 /usr/sbin/universalaccessd launchd -s
  501   533     1   0 Sat05PM ??         0:02.07 /System/Library/CoreServices/talagentd
  501   534     1   0 Sat05PM ??         4:19.95 /System/Library/CoreServices/WindowManager.app/Contents/MacOS/WindowManager
  501   535     1   0 Sat05PM ??         1:09.28 /usr/libexec/ContinuityCaptureAgent server
  501   536     1   0 Sat05PM ??         1:08.87 /System/Library/CoreServices/Dock.app/Contents/MacOS/Dock
  501   537     1   0 Sat05PM ??         0:17.92 /usr/libexec/pboard
  501   538     1   0 Sat05PM ??         2:08.97 /System/Library/CoreServices/ControlCenter.app/Contents/MacOS/ControlCenter
  501   539     1   0 Sat05PM ??         0:06.07 /System/Library/CoreServices/SystemUIServer.app/Contents/MacOS/SystemUIServer
  501   540     1   0 Sat05PM ??         2:23.57 /System/Library/CoreServices/Finder.app/Contents/MacOS/Finder
  501   543     1   0 Sat05PM ??         0:05.31 /usr/libexec/lsd
  501   544     1   0 Sat05PM ??         0:06.12 /usr/libexec/containermanagerd --runmode=agent --user-container-mode=current --bundle-container-mode=proxy --system-container-mode=none
  501   545     1   0 Sat05PM ??         1:14.40 /usr/libexec/secd
  501   546     1   0 Sat05PM ??         0:03.39 /System/Library/Frameworks/QuickLookUI.framework/Versions/A/XPCServices/QuickLookUIService.xpc/Contents/MacOS/QuickLookUIService
  501   547     1   0 Sat05PM ??         0:00.72 /usr/libexec/dmd
  501   548     1   0 Sat05PM ??         0:00.02 /System/Library/Frameworks/CoreServices.framework/Versions/A/Frameworks/CarbonCore.framework/Versions/A/XPCServices/csnameddatad.xpc/Contents/MacOS/csnameddatad
  501   549     1   0 Sat05PM ??         0:10.31 /usr/libexec/secinitd
    0   550     1   0 Sat05PM ??         3:56.91 /usr/sbin/BTLEServer
  501   551     1   0 Sat05PM ??         3:48.84 /usr/libexec/trustd --agent
  501   552     1   0 Sat05PM ??         0:15.63 /System/Library/CoreServices/audioaccessoryd
    0   553     1   0 Sat05PM ??         1:42.30 /usr/libexec/searchpartyd
  501   554     1   0 Sat05PM ??         0:03.82 /System/Library/Frameworks/QuickLookThumbnailing.framework/Support/com.apple.quicklook.ThumbnailsAgent
  501   555     1   0 Sat05PM ??         0:04.69 /usr/libexec/bluetoothuserd
   55   556     1   0 Sat05PM ??         0:01.69 /usr/sbin/distnoted agent
  501   557     1   0 Sat05PM ??         0:12.53 /System/Library/CoreServices/WallpaperAgent.app/Contents/MacOS/WallpaperAgent
    0   558     1   0 Sat05PM ??         0:08.07 /usr/sbin/filecoordinationd
  501   559     1   0 Sat05PM ??         0:01.62 /System/Library/PrivateFrameworks/VoiceShortcuts.framework/Versions/A/Support/siriactionsd
  501   560     1   0 Sat05PM ??         0:28.95 /usr/libexec/rapportd
  501   561     1   0 Sat05PM ??         0:11.61 /System/Library/Frameworks/ApplicationServices.framework/Versions/A/Frameworks/HIServices.framework/Versions/A/XPCServices/com.apple.hiservices-xpcservice.xpc/Contents/MacOS/com.apple.hiservices-xpcservice
  501   562     1   0 Sat05PM ??         0:21.01 /System/Library/PrivateFrameworks/CloudDocsDaemon.framework/Versions/A/Support/bird
  501   563     1   0 Sat05PM ??         0:01.86 /System/Library/PrivateFrameworks/UserNotificationsCore.framework/Support/usernotificationsd
  501   564     1   0 Sat05PM ??         0:06.64 /System/Library/CoreServices/CoreLocationAgent.app/Contents/MacOS/CoreLocationAgent
  501   565     1   0 Sat05PM ??         0:00.26 /System/Library/PrivateFrameworks/SocialLayer.framework/sociallayerd.app/Contents/MacOS/sociallayerd
  501   566     1   0 Sat05PM ??         0:56.38 /System/Library/PrivateFrameworks/CoreSuggestions.framework/Versions/A/Support/suggestd
  501   567     1   0 Sat05PM ??         0:09.87 /System/Library/PrivateFrameworks/CalendarDaemon.framework/Support/calaccessd
  501   568     1   0 Sat05PM ??         0:31.69 /System/Library/PrivateFrameworks/TCC.framework/Support/tccd
  501   569     1   0 Sat05PM ??         0:08.34 /System/Library/PrivateFrameworks/TelephonyUtilities.framework/callservicesd
    0   570     1   0 Sat05PM ??         0:00.04 /System/Library/PrivateFrameworks/CoreKDL.framework/Support/corekdld
  501   571     1   0 Sat05PM ??         0:01.39 /System/Library/CoreServices/sharedfilelistd
  501   572     1   0 Sat05PM ??         0:00.90 /usr/libexec/appleaccountd
  501   574     1   0 Sat05PM ??         0:47.69 /System/Library/PrivateFrameworks/FileProvider.framework/Support/fileproviderd
  501   575     1   0 Sat05PM ??         0:04.06 /usr/libexec/pkd
  501   576     1   0 Sat05PM ??         0:00.15 /System/Library/PrivateFrameworks/AMPDevices.framework/Versions/A/Support/AMPDeviceDiscoveryAgent --launchd
  501   577     1   0 Sat05PM ??         0:02.10 /System/Library/CoreServices/iconservicesagent
  501   578     1   0 Sat05PM ??         0:16.78 /System/Library/PrivateFrameworks/HearingCore.framework/heard
  501   579     1   0 Sat05PM ??         0:01.21 /usr/libexec/intelligentroutingd
  501   580     1   0 Sat05PM ??         0:21.25 /System/Library/Frameworks/Accounts.framework/Versions/A/Support/accountsd
  501   581     1   0 Sat05PM ??         0:30.16 /System/Library/PrivateFrameworks/IDS.framework/identityservicesd.app/Contents/MacOS/identityservicesd
  501   582     1   0 Sat05PM ??         0:04.25 /System/Library/PrivateFrameworks/SyncedDefaults.framework/Support/syncdefaultsd
  501   584     1   0 Sat05PM ??         0:12.99 /usr/libexec/knowledge-agent
  501   585     1   0 Sat05PM ??         0:50.64 /System/Library/PrivateFrameworks/CacheDelete.framework/deleted
  501   586     1   0 Sat05PM ??         0:15.07 /System/Library/PrivateFrameworks/AssistantServices.framework/Versions/A/Support/assistantd
  501   587     1   0 Sat05PM ??         0:32.68 /usr/libexec/triald
  501   588     1   0 Sat05PM ??         0:00.03 /System/Library/PrivateFrameworks/NewDeviceOutreach.framework/ndoagent
  501   589     1   0 Sat05PM ??         0:00.04 /usr/libexec/icloudmailagent
  501   590     1   0 Sat05PM ??         0:05.20 /System/Library/Frameworks/ApplicationServices.framework/Frameworks/ATS.framework/Support/fontd
    0   591     1   0 Sat05PM ??         0:34.63 /usr/libexec/wifip2pd
  501   592     1   0 Sat05PM ??         0:00.50 /System/Library/Frameworks/ApplicationServices.framework/Versions/A/Frameworks/ATS.framework/Versions/A/Support/fontworker
  501   593     1   0 Sat05PM ??         1:21.66 /System/Library/PrivateFrameworks/BiomeStreams.framework/Support/BiomeAgent
  501   594     1   0 Sat05PM ??         0:10.66 /usr/libexec/transparencyd
    0   595     1   0 Sat05PM ??         0:00.01 /System/Library/PrivateFrameworks/WiFiPolicy.framework/XPCServices/WiFiCloudAssetsXPCService.xpc/Contents/MacOS/WiFiCloudAssetsXPCService
  501   596     1   0 Sat05PM ??         0:00.58 /System/Library/Frameworks/CryptoTokenKit.framework/ctkd -tw
  501   597     1   0 Sat05PM ??         2:22.92 /System/Library/PrivateFrameworks/CloudKitDaemon.framework/Support/cloudd
  501   598     1   0 Sat05PM ??         0:40.65 /usr/libexec/routined LAUNCHED_BY_LAUNCHD
  501   600     1   0 Sat05PM ??         0:03.02 /usr/sbin/usernoted
  501   601     1   0 Sat05PM ??         0:02.56 /System/Library/Frameworks/CoreTelephony.framework/Support/CommCenter -L
  501   602     1   0 Sat05PM ??         1:01.09 /usr/libexec/nsurlsessiond
  501   603     1   0 Sat05PM ??         0:00.03 /System/Library/CoreServices/APFSUserAgent
  501   605     1   0 Sat05PM ??         0:44.70 /System/Library/PrivateFrameworks/CoreDuetContext.framework/Resources/ContextStoreAgent
  501   606     1   0 Sat05PM ??         0:09.35 /System/Library/Frameworks/LocalAuthentication.framework/Support/coreauthd
  259   607     1   0 Sat05PM ??         0:00.07 /System/Library/Frameworks/CryptoTokenKit.framework/ctkd -st
  501   608     1   0 Sat05PM ??         2:04.91 /System/Library/PrivateFrameworks/CoreSpeech.framework/corespeechd
  501   609     1   0 Sat05PM ??         0:05.22 /System/Library/PrivateFrameworks/AXAssetLoader.framework/Support/axassetsd
  501   612     1   0 Sat05PM ??         0:23.96 /System/Library/CoreServices/NotificationCenter.app/Contents/MacOS/NotificationCenter
  501   613     1   0 Sat05PM ??         0:00.93 /System/Library/Frameworks/InputMethodKit.framework/Resources/imklaunchagent
  501   615     1   0 Sat05PM ??         0:51.34 /System/Library/CoreServices/Siri.app/Contents/MacOS/Siri launchd
  501   616     1   0 Sat05PM ??         0:01.59 /System/Library/PrivateFrameworks/MobileTimer.framework/Executables/mobiletimerd
  501   617     1   0 Sat05PM ??         0:00.02 /bin/sh /opt/homebrew/opt/mysql/bin/mysqld_safe --datadir=/opt/homebrew/var/mysql
  501   618     1   0 Sat05PM ??         0:00.11 /System/Library/Image Capture/Support/icdd
  501   619     1   0 Sat05PM ??         0:01.21 /System/Library/PrivateFrameworks/AskPermission.framework/Versions/A/Resources/askpermissiond
  501   621     1   0 Sat05PM ??         1:13.20 /usr/libexec/sharingd
  501   622     1   0 Sat05PM ??         0:00.05 /System/Library/Frameworks/ManagedSettings.framework/Versions/A/ManagedSettingsAgent
  501   623     1   0 Sat05PM ??         0:02.78 /System/Library/CoreServices/AirPlayUIAgent.app/Contents/MacOS/AirPlayUIAgent --launchd
  501   624     1   0 Sat05PM ??         0:18.95 /System/Library/PrivateFrameworks/IMCore.framework/imagent.app/Contents/MacOS/imagent
  501   625     1   0 Sat05PM ??         0:02.04 /System/Library/CoreServices/diagnostics_agent
  501   626     1   0 Sat05PM ??         0:13.98 /System/Library/CoreServices/TextInputMenuAgent.app/Contents/MacOS/TextInputMenuAgent
  501   628     1   0 Sat05PM ??         0:02.05 /System/Library/PrivateFrameworks/AppleMediaServices.framework/Resources/amsaccountsd
    0   630     1   0 Sat05PM ??         0:00.12 /System/Library/Frameworks/CryptoTokenKit.framework/ctkahp.bundle/Contents/MacOS/ctkahp -d
  501   632     1   0 Sat05PM ??         0:16.68 /System/Library/PrivateFrameworks/ViewBridge.framework/Versions/A/XPCServices/ViewBridgeAuxiliary.xpc/Contents/MacOS/ViewBridgeAuxiliary
  501   633     1   0 Sat05PM ??         0:11.17 /System/Library/PrivateFrameworks/ReplicatorCore.framework/Support/replicatord
  501   634     1   0 Sat05PM ??         0:03.86 /System/Library/PrivateFrameworks/DoNotDisturbServer.framework/Support/donotdisturbd
    0   635     1   0 Sat05PM ??         0:02.06 /System/Library/PrivateFrameworks/TVIdleServices.framework/idleassetsd
    0   636     1   0 Sat05PM ??         0:00.02 /usr/libexec/wallpaperexportd
  501   637     1   0 Sat05PM ??         0:00.02 /System/Library/Frameworks/ExtensionFoundation.framework/Versions/A/XPCServices/extensionkitservice.xpc/Contents/MacOS/extensionkitservice
  262   638     1   0 Sat05PM ??         0:02.15 /System/Library/PrivateFrameworks/GeoServices.framework/Versions/A/XPCServices/com.apple.geod.xpc/Contents/MacOS/com.apple.geod
  501   639     1   0 Sat05PM ??         0:05.69 /System/Library/CoreServices/TextInputSwitcher.app/Contents/MacOS/TextInputSwitcher
    0   640     1   0 Sat05PM ??         0:00.60 /usr/libexec/findmydeviced
  501   641     1   0 Sat05PM ??         0:00.19 /System/Library/ExtensionKit/Extensions/WallpaperImageExtension.appex/Contents/MacOS/WallpaperImageExtension
  262   642     1   0 Sat05PM ??         0:00.05 /usr/libexec/secinitd
  501   643     1   0 Sat05PM ??         0:00.82 /System/Library/PrivateFrameworks/ScreenTimeCore.framework/Versions/A/ScreenTimeAgent
  501   644     1   0 Sat05PM ??         0:00.21 /usr/libexec/findmylocateagent
  501   645     1   0 Sat05PM ??         2:08.38 /System/Library/PrivateFrameworks/ChronoCore.framework/Support/chronod
  501   646     1   0 Sat05PM ??         0:00.18 /System/Library/CoreServices/pbs
  268   647     1   0 Sat05PM ??         0:32.15 /usr/libexec/nearbyd
  262   648     1   0 Sat05PM ??         0:00.06 /usr/sbin/cfprefsd agent
  501   649     1   0 Sat05PM ??         0:00.09 /System/Library/Frameworks/CryptoTokenKit.framework/ctkahp.bundle/Contents/MacOS/ctkahp
  501   651     1   0 Sat05PM ??         0:59.40 /usr/libexec/replayd
  501   652     1   0 Sat05PM ??         0:00.16 /System/Library/Frameworks/AudioToolbox.framework/AudioComponentRegistrar
  262   653     1   0 Sat05PM ??         0:00.34 /usr/libexec/trustd --agent
  501   654     1   0 Sat05PM ??         0:00.25 /System/Library/PrivateFrameworks/IntlPreferences.framework/Support/localizationswitcherd
    0   655     1   0 Sat05PM ??         0:00.05 /System/Library/PrivateFrameworks/PowerLog.framework/Versions/A/XPCServices/PerfPowerTelemetryClientRegistrationService.xpc/Contents/MacOS/PerfPowerTelemetryClientRegistrationService
    0   656     1   0 Sat05PM ??         0:00.18 /System/Library/PrivateFrameworks/WirelessDiagnostics.framework/Support/awdd
  501   657     1   0 Sat05PM ??         0:01.20 /System/Library/PrivateFrameworks/iCloudDriveService.framework/XPCServices/ContainerMetadataExtractor.xpc/Contents/MacOS/ContainerMetadataExtractor
  262   658     1   0 Sat05PM ??         0:00.07 /usr/libexec/containermanagerd --runmode=agent --user-container-mode=current --bundle-container-mode=proxy --system-container-mode=none
    0   659     1   0 Sat05PM ??         0:01.25 /System/Library/PrivateFrameworks/CloudKitDaemon.framework/Support/cloudd --system
  501   660     1   0 Sat05PM ??         1:08.34 /System/Library/CoreServices/WiFiAgent.app/Contents/MacOS/WiFiAgent
  501   661     1   0 Sat05PM ??         0:07.34 /System/Library/PrivateFrameworks/IMDPersistence.framework/XPCServices/IMDPersistenceAgent.xpc/Contents/MacOS/IMDPersistenceAgent
  501   662     1   0 Sat05PM ??         0:01.21 /System/Library/PrivateFrameworks/FamilyCircle.framework/Versions/A/Resources/familycircled
  501   663     1   0 Sat05PM ??         0:01.04 /System/Library/PrivateFrameworks/CoreCDP.framework/Versions/A/Resources/cdpd
  501   664     1   0 Sat05PM ??         0:01.46 /System/Library/Frameworks/Security.framework/Versions/A/XPCServices/TrustedPeersHelper.xpc/Contents/MacOS/TrustedPeersHelper
  501   665     1   0 Sat05PM ??         0:15.26 /usr/libexec/siriknowledged
  501   666     1   0 Sat05PM ??         0:01.33 /usr/sbin/BTLEServerAgent
  501   667     1   0 Sat05PM ??         0:02.13 /usr/libexec/neagent
  501   668     1   0 Sat05PM ??         0:00.05 /System/Library/Frameworks/ExtensionFoundation.framework/Versions/A/XPCServices/extensionkitservice.xpc/Contents/MacOS/extensionkitservice
  501   669     1   0 Sat05PM ??         0:05.28 /System/Library/PrivateFrameworks/StatusKit.framework/StatusKitAgent
  501   670     1   0 Sat05PM ??         0:20.28 /System/Library/PrivateFrameworks/TextInputUIMacHelper.framework/Versions/A/XPCServices/CursorUIViewService.xpc/Contents/MacOS/CursorUIViewService
  501   671     1   0 Sat05PM ??         0:05.27 /System/Library/Input Methods/PressAndHold.app/Contents/PlugIns/PAH_Extension.appex/Contents/MacOS/PAH_Extension -AppleLanguages ("ja-JP")
  501   672     1   0 Sat05PM ??         5:50.49 /System/Library/Input Methods/JapaneseIM-RomajiTyping.app/Contents/PlugIns/JapaneseIM-RomajiTyping.appex/Contents/MacOS/JapaneseIM-RomajiTyping -AppleLanguages ("ja-JP")
  501   673     1   0 Sat05PM ??         0:32.62 /System/Library/CoreServices/Spotlight.app/Contents/MacOS/Spotlight
  501   674     1   0 Sat05PM ??         0:12.02 /System/Library/PrivateFrameworks/UserActivity.framework/Agents/useractivityd
  501   675     1   0 Sat05PM ??         0:04.68 /System/Library/CoreServices/Dock.app/Contents/XPCServices/com.apple.dock.extra.xpc/Contents/MacOS/com.apple.dock.extra
  501   676     1   0 Sat05PM ??         0:09.64 /System/Library/PrivateFrameworks/AuthKit.framework/Versions/A/Support/akd
  501   677     1   0 Sat05PM ??         0:02.62 /System/Library/PrivateFrameworks/CloudDocs.framework/PlugIns/com.apple.CloudDocs.iCloudDriveFileProvider.appex/Contents/MacOS/com.apple.CloudDocs.iCloudDriveFileProvider
  501   680     1   0 Sat05PM ??         0:00.63 /usr/libexec/keyboardservicesd
  501   682     1   0 Sat05PM ??         3:08.31 /System/Library/Frameworks/CoreServices.framework/Frameworks/Metadata.framework/Versions/A/Support/corespotlightd
  501   683     1   0 Sat05PM ??         0:04.97 /System/Library/PrivateFrameworks/AppSSO.framework/Support/AppSSOAgent.app/Contents/MacOS/AppSSOAgent
  501   684     1   0 Sat05PM ??         0:02.61 /System/Library/PrivateFrameworks/CallHistory.framework/Support/CallHistoryPluginHelper
    0   685     1   0 Sat05PM ??         0:01.40 /System/Library/PrivateFrameworks/AppSSO.framework/Support/AppSSODaemon
  501   686     1   0 Sat05PM ??         0:00.14 /System/Library/PrivateFrameworks/CoreFollowUp.framework/Versions/A/Support/followupd
  501   687     1   0 Sat05PM ??         0:04.73 /System/Library/PrivateFrameworks/GeoServices.framework/Versions/A/XPCServices/com.apple.geod.xpc/Contents/MacOS/com.apple.geod
  501   688     1   0 Sat05PM ??         0:09.97 /System/Library/PrivateFrameworks/HomeKitDaemon.framework/Support/homed
  501   690     1   0 Sat05PM ??         0:07.73 /System/Library/PrivateFrameworks/CoreParsec.framework/parsecd
  501   691     1   0 Sat05PM ??         0:06.75 /System/Library/CoreServices/ReportCrash agent
  501   692     1   0 Sat05PM ??         0:00.48 /System/Library/PrivateFrameworks/ContinuousDialogManagerService.framework/assistant_cdmd
  501   693     1   0 Sat05PM ??         0:01.11 /System/Library/PrivateFrameworks/SiriTTSService.framework/sirittsd
  501   694     1   0 Sat05PM ??         0:00.29 /System/Library/Frameworks/Speech.framework/Versions/A/XPCServices/localspeechrecognition.xpc/Contents/MacOS/localspeechrecognition
  501   695     1   0 Sat05PM ??         0:00.09 /System/Library/PrivateFrameworks/TelephonyUtilities.framework/XPCServices/com.apple.FaceTime.FTConversationService.xpc/Contents/MacOS/com.apple.FaceTime.FTConversationService
  501   696     1   0 Sat05PM ??         0:00.72 /usr/libexec/fmfd
  501   697     1   0 Sat05PM ??         0:00.01 /System/Library/PrivateFrameworks/WiFiPolicy.framework/XPCServices/WiFiCloudAssetsXPCService.xpc/Contents/MacOS/WiFiCloudAssetsXPCService
  501   698     1   0 Sat05PM ??         0:02.48 /System/Library/PrivateFrameworks/iTunesCloud.framework/Support/itunescloudd
  501   699     1   0 Sat05PM ??         1:06.34 /usr/libexec/networkserviceproxy
  501   701     1   0 Sat05PM ??         0:14.75 /System/Library/PrivateFrameworks/AppleMediaServicesUI.framework/amsengagementd
  501   702     1   0 Sat05PM ??         0:00.41 /System/Library/PrivateFrameworks/ContextKit.framework/Versions/A/XPCServices/ContextService.xpc/Contents/MacOS/ContextService
  501   704     1   0 Sat05PM ??         0:01.75 /System/Library/PrivateFrameworks/iCloudNotification.framework/iCloudNotificationAgent
  501   705     1   0 Sat05PM ??         0:02.19 /System/Library/Frameworks/ExtensionFoundation.framework/Versions/A/XPCServices/extensionkitservice.xpc/Contents/MacOS/extensionkitservice
  501   706     1   0 Sat05PM ??         0:00.14 /System/Library/PrivateFrameworks/MediaRemote.framework/Support/mediaremoteagent
  501   707     1   0 Sat05PM ??         0:01.11 /System/Applications/Calendar.app/Contents/PlugIns/CalendarWidgetExtension.appex/Contents/MacOS/CalendarWidgetExtension
  501   708     1   0 Sat05PM ??         0:00.49 /System/Library/PrivateFrameworks/Categories.framework/Versions/A/XPCServices/CategoriesService.xpc/Contents/MacOS/CategoriesService
  501   710     1   0 Sat05PM ??         0:02.70 /usr/libexec/avconferenced
  265   711     1   0 Sat05PM ??         0:05.64 /System/Library/PrivateFrameworks/CoreADI.framework/adid
    0   716     1   0 Sat05PM ??         0:07.05 /usr/libexec/aned
    0   717     1   0 Sat05PM ??         0:07.58 /System/Library/PrivateFrameworks/CacheDelete.framework/deleted_helper
    0   718     1   0 Sat05PM ??         0:08.27 /usr/libexec/wifianalyticsd
  501   719     1   0 Sat05PM ??         0:02.66 /System/Applications/Clock.app/Contents/PlugIns/WorldClockWidget.appex/Contents/MacOS/WorldClockWidget
  501   720     1   0 Sat05PM ??         0:01.67 /System/Library/CoreServices/Keychain Circle Notification.app/Contents/MacOS/Keychain Circle Notification
  501   721     1   0 Sat05PM ??         0:00.14 /System/Library/PrivateFrameworks/ProtectedCloudStorage.framework/Helpers/ProtectedCloudKeySyncing
  501   723     1   0 Sat05PM ??         0:00.22 /usr/libexec/seserviced
  501   726     1   0 Sat05PM ??         0:03.25 /System/Applications/Stocks.app/Contents/PlugIns/StocksWidget.appex/Contents/MacOS/StocksWidget
    0   727     1   0 Sat05PM ??         0:00.86 /usr/libexec/mobileactivationd
    0   728     1   0 Sat05PM ??         3:07.71 /System/Library/Frameworks/CoreServices.framework/Frameworks/Metadata.framework/Versions/A/Support/mds_stores
    0   733     1   0 Sat05PM ??         0:02.29 /usr/sbin/systemsoundserverd
  501   735     1   0 Sat05PM ??         0:03.57 /usr/libexec/SidecarRelay
  501   736     1   0 Sat05PM ??         3:01.92 /System/Library/CoreServices/UniversalControl.app/Contents/MacOS/UniversalControl
  501   742     1   0 Sat05PM ??         2:58.36 /System/Library/PrivateFrameworks/PhotoLibraryServices.framework/Versions/A/Support/photolibraryd
  278   743     1   0 Sat05PM ??         0:00.05 /System/Library/PrivateFrameworks/MobileAccessoryUpdater.framework/XPCServices/UARPUpdaterServiceDisplay.xpc/Contents/MacOS/UARPUpdaterServiceDisplay
  278   744     1   0 Sat05PM ??         0:00.71 /System/Library/PrivateFrameworks/MobileAccessoryUpdater.framework/XPCServices/UARPUpdaterServiceLegacyAudio.xpc/Contents/MacOS/UARPUpdaterServiceLegacyAudio
  278   745     1   0 Sat05PM ??         0:00.02 /System/Library/PrivateFrameworks/MobileAccessoryUpdater.framework/XPCServices/UARPUpdaterServiceDFU.xpc/Contents/MacOS/UARPUpdaterServiceDFU
  278   746     1   0 Sat05PM ??         0:00.03 /System/Library/PrivateFrameworks/MobileAccessoryUpdater.framework/XPCServices/UARPUpdaterServiceAFU.xpc/Contents/MacOS/UARPUpdaterServiceAFU
  278   747     1   0 Sat05PM ??         0:00.70 /System/Library/PrivateFrameworks/MobileAccessoryUpdater.framework/XPCServices/UARPUpdaterServiceUSBPD.xpc/Contents/MacOS/UARPUpdaterServiceUSBPD
  278   748     1   0 Sat05PM ??         0:00.04 /System/Library/PrivateFrameworks/MobileAccessoryUpdater.framework/XPCServices/UARPUpdaterServiceHID.xpc/Contents/MacOS/UARPUpdaterServiceHID
  278   749     1   0 Sat05PM ??         0:01.70 /usr/sbin/distnoted agent
  501   750     1   0 Sat05PM ??         0:01.06 /System/Library/CoreServices/ScopedBookmarkAgent
    0   751     1   0 Sat05PM ??         0:11.70 /System/Library/CoreServices/osanalyticshelper server-init
  501   752     1   0 Sat05PM ??         0:01.43 /System/Library/PrivateFrameworks/AssetCacheServices.framework/Versions/A/XPCServices/AssetCacheLocatorService.xpc/Contents/MacOS/AssetCacheLocatorService -a
  235   754     1   0 Sat05PM ??         0:00.11 /usr/libexec/AssetCache/AssetCache
  501   757     1   0 Sat05PM ??         0:04.55 /usr/libexec/linkd
  501   758     1   0 Sat05PM ??         0:00.16 /System/Library/PrivateFrameworks/CommerceKit.framework/Versions/A/Resources/commerce
  501   759     1   0 Sat05PM ??         0:04.25 /System/Library/CoreServices/UIKitSystem.app/Contents/MacOS/UIKitSystem system_app_start
    0   761     1   0 Sat05PM ??         0:00.03 automountd
  501   765     1   0 Sat05PM ??         0:11.54 /System/Library/PrivateFrameworks/CloudTelemetry.framework/Versions/A/XPCServices/CloudTelemetryService.xpc/Contents/MacOS/CloudTelemetryService
    0   768     1   0 Sat05PM ??         0:00.78 /System/Library/PrivateFrameworks/CoreSymbolication.framework/coresymbolicationd
  501   769     1   0 Sat05PM ??         0:16.12 /usr/libexec/milod
    0   775     1   0 Sat05PM ??         0:01.10 /System/Library/PrivateFrameworks/CloudTelemetry.framework/Versions/A/XPCServices/CloudTelemetryService.xpc/Contents/MacOS/CloudTelemetryService
   89   859     1   0 Sat05PM ??         0:01.69 /usr/sbin/distnoted agent
  501   863   617   0 Sat05PM ??         0:58.84 /opt/homebrew/opt/mysql/bin/mysqld --basedir=/opt/homebrew/opt/mysql --datadir=/opt/homebrew/var/mysql --plugin-dir=/opt/homebrew/opt/mysql/lib/plugin --log-error=iinojoutarounoMacBook-Air.local.err --pid-file=iinojoutarounoMacBook-Air.local.pid
  501   864     1   0 Sat05PM ??         0:00.56 /System/Library/PrivateFrameworks/CoreEmbeddedSpeechRecognition.framework/Versions/A/XPCServices/com.apple.siri.embeddedspeech.xpc/Contents/MacOS/com.apple.siri.embeddedspeech
    0   866     1   0 Sat05PM ??         0:00.07 /System/Library/PrivateFrameworks/AssetCacheServicesExtensions.framework/XPCServices/AssetCacheTetheratorService.xpc/Contents/MacOS/AssetCacheTetheratorService
    0   867     1   0 Sat05PM ??         0:04.56 /usr/libexec/rtcreportingd
    0   868     1   0 Sat05PM ??         0:00.44 /System/Library/PrivateFrameworks/CoreAccessories.framework/Support/accessoryd
  501   869     1   0 Sat05PM ??         0:00.44 /System/Library/PrivateFrameworks/EmailDaemon.framework/Versions/A/maild
  501   870     1   0 Sat05PM ??         0:01.39 /System/Library/Frameworks/FinanceKit.framework/financed
  501   871     1   0 Sat05PM ??         0:00.04 /System/Library/PrivateFrameworks/CommunicationsFilter.framework/CMFSyncAgent
  501   872     1   0 Sat05PM ??         0:00.71 /System/Library/PrivateFrameworks/CloudServices.framework/Helpers/com.apple.sbd
  260   873     1   0 Sat05PM ??         0:02.25 /usr/libexec/nfcd
  260   874     1   0 Sat05PM ??         0:00.03 /System/Library/PrivateFrameworks/NearFieldPrivateServices.framework/Versions/A/XPCServices/NFStorageServer.xpc/Contents/MacOS/NFStorageServer
  260   875     1   0 Sat05PM ??         0:01.69 /usr/sbin/distnoted agent
  501   876     1   0 Sat05PM ??         0:00.47 /System/Library/PrivateFrameworks/StocksKit.framework/XPCServices/StocksKitService.xpc/Contents/MacOS/StocksKitService
  247   878     1   0 Sat05PM ??         0:01.66 /usr/sbin/distnoted agent
  501   879     1   0 Sat05PM ??         0:01.91 /usr/libexec/gamecontrolleragentd
    0   880     1   0 Sat05PM ??         0:01.03 /usr/libexec/countryd
  501   881     1   0 Sat05PM ??         0:07.30 /System/Library/PrivateFrameworks/AppStoreDaemon.framework/Support/appstoreagent
    0   882     1   0 Sat05PM ??         0:10.71 /Library/Apple/System/Library/CoreServices/XProtect.app/Contents/XPCServices/XProtectPluginService.xpc/Contents/MacOS/XProtectPluginService
    0   883     1   0 Sat05PM ??         0:00.61 /System/Library/PrivateFrameworks/PackageKit.framework/Resources/installd
    0   884     1   0 Sat05PM ??         0:00.23 /usr/libexec/symptomsd-diag
  501   885     1   0 Sat05PM ??         0:02.64 /System/Library/CoreServices/appplaceholdersyncd
    0   886     1   0 Sat05PM ??         0:00.60 /System/Library/PrivateFrameworks/PackageKit.framework/Resources/system_installd
  270   887     1   0 Sat05PM ??         0:00.16 /System/Library/DriverExtensions/IOUserBluetoothSerialDriver.dext/IOUserBluetoothSerialDriver com.apple.IOUserBluetoothSerialDriver 0x100000dd9 com.apple.IOUserBluetoothSerialDriver
    0   889     1   0 Sat05PM ??         0:11.54 /usr/libexec/sysmond
    0   890   306   0 Sat05PM ??         0:01.29 /usr/sbin/systemstats --logger-helper /private/var/db/systemstats
    0   891     1   0 Sat05PM ??         0:02.54 /System/Library/Frameworks/Metal.framework/Versions/A/XPCServices/MTLCompilerService.xpc/Contents/MacOS/MTLCompilerService
  265   892     1   0 Sat05PM ??         0:00.17 /System/Library/PrivateFrameworks/CoreFP.framework/Versions/A/fairplayd
  278   893     1   0 Sat05PM ??         0:00.10 /System/Library/PrivateFrameworks/MobileAccessoryUpdater.framework/XPCServices/ThunderboltAccessoryUpdaterService.xpc/Contents/MacOS/ThunderboltAccessoryUpdaterService
  501   894     1   0 Sat05PM ??         0:04.14 /System/Library/PrivateFrameworks/SoftwareUpdate.framework/Resources/SoftwareUpdateNotificationManager.app/Contents/MacOS/SoftwareUpdateNotificationManager
  501   895     1   0 Sat05PM ??         0:05.37 /System/Library/Frameworks/CoreServices.framework/Frameworks/Metadata.framework/Versions/A/Support/mdbulkimport -s mdworker-bundle -c MDSImporterBundleFinder -m com.apple.metadata.mdbulkimport
  296   896     1   0 Sat05PM ??         0:00.91 /usr/libexec/aneuserd
  258   897     1   0 Sat05PM ??         0:00.22 /usr/libexec/captiveagent
  501   899     1   0 Sat05PM ??         0:00.41 /System/Library/PrivateFrameworks/GenerativeExperiencesRuntime.framework/Versions/A/generativeexperiencesd
  282   900     1   0 Sat05PM ??         0:45.32 /usr/libexec/trustd
  501   901     1   0 Sat05PM ??         0:10.63 /Library/Apple/System/Library/CoreServices/XProtect.app/Contents/XPCServices/XProtectPluginService.xpc/Contents/MacOS/XProtectPluginService
  501   902     1   0 Sat05PM ??         0:00.19 /System/Library/PrivateFrameworks/CommerceKit.framework/Versions/A/Resources/storedownloadd
  501   903     1   0 Sat05PM ??         0:00.07 /System/Library/PrivateFrameworks/GeoServices.framework/geodMachServiceBridge
  274   904     1   0 Sat05PM ??         0:00.05 /System/Library/PrivateFrameworks/InstallCoordination.framework/Support/installcoordinationd
    0   905     1   0 Sat05PM ??         0:00.04 /System/Library/PrivateFrameworks/AppStoreDaemon.framework/Versions/A/XPCServices/com.apple.AppStoreDaemon.StorePrivilegedODRService.xpc/Contents/MacOS/com.apple.AppStoreDaemon.StorePrivilegedODRService
  278   906     1   0 Sat05PM ??         0:00.27 /System/Library/PrivateFrameworks/CoreSpeech.framework/Versions/A/XPCServices/CoreSpeechXPC.xpc/Contents/MacOS/CoreSpeechXPC
    0   908     1   0 Sat05PM ??         0:12.18 /System/Library/PrivateFrameworks/GeoServices.framework/Versions/A/XPCServices/com.apple.geod.xpc/Contents/MacOS/com.apple.geod
  501   917     1   0 Sat05PM ??         0:12.85 /System/Library/Frameworks/CoreSpotlight.framework/spotlightknowledged -u
  501   918     1   0 Sat05PM ??         0:00.73 /System/Library/PrivateFrameworks/StreamingZip.framework/Versions/A/XPCServices/com.apple.StreamingUnzipService.xpc/Contents/MacOS/com.apple.StreamingUnzipService
  242   920     1   0 Sat05PM ??         0:01.66 /usr/sbin/distnoted agent
  205   935     1   0 Sat05PM ??         0:00.43 /usr/libexec/trustd --agent
  501   936     1   0 Sat05PM ??         0:00.38 /System/Library/Frameworks/ClassKit.framework/Versions/A/progressd
    0   939     1   0 Sat05PM ??         0:01.61 /usr/libexec/wifivelocityd
  501   943     1   0 Sat05PM ??         0:00.03 /System/Library/Frameworks/AudioToolbox.framework/XPCServices/com.apple.audio.ComponentTagHelper.xpc/Contents/MacOS/com.apple.audio.ComponentTagHelper
    0   944     1   0 Sat05PM ??         0:01.46 /System/Library/CoreServices/SubmitDiagInfo server-init
  501   945     1   0 Sat05PM ??         2:38.01 /System/Applications/Mail.app/Contents/MacOS/Mail
  501   946     1   0 Sat05PM ??         0:32.06 /System/Library/PrivateFrameworks/UsageTracking.framework/Versions/A/UsageTrackingAgent
  501   947     1   0 Sat05PM ??         0:00.06 /System/Library/PrivateFrameworks/LockdownMode.framework/Versions/A/XPCServices/lockdownmoded
  501   948     1   0 Sat05PM ??         0:00.16 /usr/libexec/diagnosticextensionsd
  501   949     1   0 Sat05PM ??         0:13.28 /System/Library/PrivateFrameworks/SiriInference.framework/Versions/A/siriinferenced
    0   950     1   0 Sat05PM ??         0:26.51 /usr/libexec/gamepolicyd
  501   951     1   0 Sat05PM ??         0:00.03 /System/Library/Frameworks/ColorSync.framework/Support/colorsync.useragent
  501   952     1   0 Sat05PM ??         0:00.01 /System/Library/Frameworks/ColorSync.framework/Versions/A/XPCServices/com.apple.ColorSyncXPCAgent.xpc/Contents/MacOS/com.apple.ColorSyncXPCAgent
  501   953     1   0 Sat05PM ??         0:02.49 /System/Library/PrivateFrameworks/Synapse.framework/Support/contentlinkingd
  501   954     1   0 Sat05PM ??         0:00.59 /System/Library/PrivateFrameworks/SiriSuggestionsSupport.framework/Versions/A/XPCServices/SiriSuggestionsBookkeepingService.xpc/Contents/MacOS/SiriSuggestionsBookkeepingService
  501   955     1   0 Sat05PM ??         0:00.48 /System/Library/PrivateFrameworks/WebPrivacy.framework/webprivacyd
  501   957     1   0 Sat05PM ??         0:06.44 /System/Library/Frameworks/WebKit.framework/Versions/A/XPCServices/com.apple.WebKit.GPU.xpc/Contents/MacOS/com.apple.WebKit.GPU
  501   958     1   0 Sat05PM ??         0:00.83 /usr/libexec/adprivacyd
    0   959     1   0 Sat05PM ??         0:00.05 /System/Library/Frameworks/OpenGL.framework/Versions/A/Libraries/CVMServer
  501   960     1   0 Sat05PM ??         0:01.48 /System/Library/PrivateFrameworks/IntelligencePlatformCore.framework/Versions/A/intelligenceplatformd
  501   961     1   0 Sat05PM ??         0:00.15 /System/Library/PrivateFrameworks/CoreRecents.framework/Versions/A/Support/recentsd
  501   962     1   0 Sat05PM ??         0:01.35 /usr/libexec/promotedcontentd
  501   964     1   0 Sat05PM ??         0:00.05 /System/Library/Frameworks/MediaAccessibility.framework/Versions/A/XPCServices/com.apple.accessibility.mediaaccessibilityd.xpc/Contents/MacOS/com.apple.accessibility.mediaaccessibilityd
  501   965     1   0 Sat05PM ??         0:00.02 /System/Library/Frameworks/AudioToolbox.framework/XPCServices/com.apple.audio.SandboxHelper.xpc/Contents/MacOS/com.apple.audio.SandboxHelper
  501   966     1   0 Sat05PM ??         0:02.14 /System/Library/Frameworks/WebKit.framework/Versions/A/XPCServices/com.apple.WebKit.Networking.xpc/Contents/MacOS/com.apple.WebKit.Networking
  501   967     1   0 Sat05PM ??         0:00.72 /System/Library/PrivateFrameworks/CoreSuggestions.framework/Versions/A/Support/reversetemplated
  501   968     1   0 Sat05PM ??         0:01.48 /System/Cryptexes/App/usr/libexec/webinspectord
  501   969     1   0 Sat05PM ??         0:00.10 /System/Library/PrivateFrameworks/DocumentUnderstanding.framework/Support/textunderstandingd
  501   970     1   0 Sat05PM ??         0:07.18 /System/Library/PrivateFrameworks/SafariSafeBrowsing.framework/com.apple.Safari.SafeBrowsing.Service
    0   971     1   0 Sat05PM ??         0:00.93 /usr/libexec/triald_system
    0   972     1   0 Sat05PM ??         0:00.21 /usr/libexec/online-auth-agent
  501   973     1   0 Sat05PM ??         0:00.14 /System/Library/PrivateFrameworks/WeatherDaemon.framework/weatherd
  501   974     1   0 Sat05PM ??         0:08.22 /usr/libexec/swcd
  501   975     1   0 Sat05PM ??        18:17.27 /System/Volumes/Preboot/Cryptexes/App/System/Applications/Safari.app/Contents/MacOS/Safari
    0   976     1   0 Sat05PM ??         0:00.03 /System/Library/CoreServices/CrashReporterSupportHelper server-init
  501   977     1   0 Sat05PM ??         0:01.71 /System/Cryptexes/App/usr/libexec/com.apple.Safari.History
  501   978     1   0 Sat05PM ??         0:00.13 /System/Library/Frameworks/ImageIO.framework/Versions/A/XPCServices/ImageIOXPCService.xpc/Contents/MacOS/ImageIOXPCService
  501   979     1   0 Sat05PM ??         0:01.27 /System/Library/PrivateFrameworks/PassKitCore.framework/passd
  501   981     1   0 Sat05PM ??         0:00.02 /System/Library/Frameworks/AudioToolbox.framework/XPCServices/com.apple.audio.SandboxHelper.xpc/Contents/MacOS/com.apple.audio.SandboxHelper
  501   982     1   0 Sat05PM ??         0:06.18 /System/Cryptexes/App/System/Library/CoreServices/SafariSupport.bundle/Contents/MacOS/SafariBookmarksSyncAgent
  501   983     1   0 Sat05PM ??        31:47.37 /System/Library/Frameworks/WebKit.framework/Versions/A/XPCServices/com.apple.WebKit.Networking.xpc/Contents/MacOS/com.apple.WebKit.Networking
  501   984     1   0 Sat05PM ??        44:19.49 /System/Library/Frameworks/WebKit.framework/Versions/A/XPCServices/com.apple.WebKit.GPU.xpc/Contents/MacOS/com.apple.WebKit.GPU
  501   985     1   0 Sat05PM ??         0:12.12 /System/Library/Frameworks/Translation.framework/translationd
  501   986     1   0 Sat05PM ??         0:02.42 /System/Volumes/Preboot/Cryptexes/App/System/Applications/Safari.app/Contents/XPCServices/com.apple.Safari.SandboxBroker.xpc/Contents/MacOS/com.apple.Safari.SandboxBroker
  501   987     1   0 Sat05PM ??         0:00.15 /usr/libexec/keychainsharingmessagingd
  501   988     1   0 Sat05PM ??         0:00.08 /System/Cryptexes/App/usr/libexec/SafariLaunchAgent
  501   989     1   0 Sat05PM ??         0:00.28 /System/Library/PrivateFrameworks/SafariShared.framework/Versions/A/XPCServices/com.apple.Safari.SearchHelper.xpc/Contents/MacOS/com.apple.Safari.SearchHelper
  501   990     1   0 Sat05PM ??         0:00.08 /System/Cryptexes/App/usr/libexec/webpushd --machServiceName com.apple.webkit.webpushd.service
    0   992     1   0 Sat05PM ??         0:00.12 /System/Library/PrivateFrameworks/XprotectFramework.framework/Versions/A/XPCServices/XProtectBridgeService.xpc/Contents/MacOS/XProtectBridgeService
  501   993     1   0 Sat05PM ??         0:00.02 /System/Library/Frameworks/AudioToolbox.framework/XPCServices/com.apple.audio.SandboxHelper.xpc/Contents/MacOS/com.apple.audio.SandboxHelper
  501   994     1   0 Sat05PM ??         0:36.22 /System/Library/Frameworks/AppKit.framework/Versions/C/XPCServices/com.apple.appkit.xpc.openAndSavePanelService.xpc/Contents/MacOS/com.apple.appkit.xpc.openAndSavePanelService
  501   995     1   0 Sat05PM ??         0:00.05 /System/Library/Frameworks/ImageIO.framework/Versions/A/XPCServices/ImageIOXPCService.xpc/Contents/MacOS/ImageIOXPCService
  501   996     1   0 Sat05PM ??         0:02.42 /System/Library/Frameworks/QuickLookUI.framework/Versions/A/XPCServices/QuickLookUIService.xpc/Contents/MacOS/QuickLookUIService
  501   997     1   0 Sat05PM ??         0:00.02 /System/Library/Frameworks/NetFS.framework/Versions/A/XPCServices/PlugInLibraryService.xpc/Contents/MacOS/PlugInLibraryService
  265   999     1   0 Sat05PM ??         0:02.06 /System/Library/PrivateFrameworks/CoreLSKD.framework/Versions/A/lskdd
  501  1000     1   0 Sat05PM ??         0:02.86 /System/Library/Frameworks/AppKit.framework/Versions/C/XPCServices/ThemeWidgetControlViewService.xpc/Contents/MacOS/ThemeWidgetControlViewService
  501  1001     1   0 Sat05PM ??         0:00.02 /System/Library/Frameworks/ImageIO.framework/Versions/A/XPCServices/ImageIOXPCService.xpc/Contents/MacOS/ImageIOXPCService
  501  1005     1   0 Sat05PM ??         0:00.03 /System/Library/Frameworks/ExtensionFoundation.framework/Versions/A/XPCServices/extensionkitservice.xpc/Contents/MacOS/extensionkitservice
  501  1006     1   0 Sat05PM ??         0:00.05 /System/Applications/Calendar.app/Contents/Extensions/CalendarIntentsExtension.appex/Contents/MacOS/CalendarIntentsExtension
  501  1007     1   0 Sat05PM ??         0:00.06 /System/Applications/Messages.app/Contents/Extensions/MessagesActionExtension.appex/Contents/MacOS/MessagesActionExtension
  501  1008     1   0 Sat05PM ??         3:39.18 /System/Library/PrivateFrameworks/MediaAnalysis.framework/Versions/A/mediaanalysisd
  501  1009     1   0 Sat05PM ??         0:02.93 /System/Cryptexes/App/usr/libexec/AuthenticationServicesAgent
  501  1010     1   0 Sat05PM ??         0:02.77 /System/Library/PrivateFrameworks/LocalAuthenticationUI.framework/Versions/A/XPCServices/LocalAuthenticationRemoteService.xpc/Contents/MacOS/LocalAuthenticationRemoteService
  501  1011     1   0 Sat05PM ??         0:02.66 /System/Library/Frameworks/LocalAuthentication.framework/Support/coreautha.bundle/Contents/MacOS/coreautha
  501  1012     1   0 Sat05PM ??         0:04.75 /System/Cryptexes/App/usr/libexec/PasswordBreachAgent
  501  1013     1   0 Sat05PM ??         0:01.37 /usr/libexec/inputanalyticsd
  501  1014     1   0 Sat05PM ??         0:00.04 /System/Library/PrivateFrameworks/TextToSpeech.framework/PlugIns/SiriAUSP.appex/Contents/MacOS/SiriAUSP -AppleLanguages ("ja-JP")
  501  1015     1   0 Sat05PM ??         0:19.75 /System/Library/Services/AppleSpell.service/Contents/MacOS/AppleSpell
  501  1016     1   0 Sat05PM ??         0:10.12 /usr/libexec/naturallanguaged
  501  1017     1   0 Sat05PM ??         0:00.03 /System/Library/PrivateFrameworks/TextToSpeechKonaSupport.framework/Versions/A/PlugIns/KonaSynthesizer.appex/Contents/MacOS/KonaSynthesizer -AppleLanguages ("ja-JP")
  501  1018     1   0 Sat05PM ??         0:00.05 /System/Library/PrivateFrameworks/TextToSpeechMauiSupport.framework/Versions/A/PlugIns/MauiAUSP.appex/Contents/MacOS/MauiAUSP -AppleLanguages ("ja-JP")
  501  1019     1   0 Sat05PM ??         0:00.02 /System/Library/Frameworks/AudioToolbox.framework/XPCServices/com.apple.audio.SandboxHelper.xpc/Contents/MacOS/com.apple.audio.SandboxHelper
  501  1020     1   0 Sat05PM ??         0:00.04 /System/Library/PrivateFrameworks/MacinTalk.framework/Versions/A/PlugIns/MacinTalkAUSP.appex/Contents/MacOS/MacinTalkAUSP -AppleLanguages ("ja-JP")
  501  1021     1   0 Sat05PM ??         0:00.02 /System/Library/Frameworks/AudioToolbox.framework/XPCServices/com.apple.audio.SandboxHelper.xpc/Contents/MacOS/com.apple.audio.SandboxHelper
  501  1022     1   0 Sat05PM ??         0:00.03 /System/Library/PrivateFrameworks/MacinTalk.framework/Versions/A/PlugIns/WardaSynthesizer_arm64.appex/Contents/MacOS/WardaSynthesizer_arm64 -AppleLanguages ("ja-JP")
  501  1023     1   0 Sat05PM ??         0:00.02 /System/Library/Frameworks/AudioToolbox.framework/XPCServices/com.apple.audio.SandboxHelper.xpc/Contents/MacOS/com.apple.audio.SandboxHelper
  501  1025     1   0 Sat05PM ??         0:00.49 /System/Library/PrivateFrameworks/TextToSpeechVoiceBankingSupport.framework/Support/voicebankingd
  501  1026     1   0 Sat05PM ??         0:00.02 /System/Library/Frameworks/AudioToolbox.framework/XPCServices/com.apple.audio.SandboxHelper.xpc/Contents/MacOS/com.apple.audio.SandboxHelper
  501  1027     1   0 Sat05PM ??         0:00.02 /System/Library/Frameworks/AudioToolbox.framework/XPCServices/com.apple.audio.SandboxHelper.xpc/Contents/MacOS/com.apple.audio.SandboxHelper
  501  1028     1   0 Sat05PM ??         0:00.03 /System/Library/PrivateFrameworks/SiriTTSService.framework/Versions/A/XPCServices/com.apple.SiriTTSService.TrialProxy.xpc/Contents/MacOS/com.apple.SiriTTSService.TrialProxy
  501  1029     1   0 Sat05PM ??         0:00.03 /System/Library/PrivateFrameworks/SiriTTSService.framework/Versions/A/XPCServices/com.apple.SiriTTSService.TrialProxy.xpc/Contents/MacOS/com.apple.SiriTTSService.TrialProxy
  501  1052     1   0 Sat05PM ??         0:01.54 /System/Library/Frameworks/Metal.framework/Versions/A/XPCServices/MTLCompilerService.xpc/Contents/MacOS/MTLCompilerService
  501  1054     1   0 Sat05PM ??         0:12.59 /System/Library/CoreServices/Siri.app/Contents/XPCServices/SiriNCService.xpc/Contents/MacOS/SiriNCService
  294  1055     1   0 Sat05PM ??         0:00.86 /usr/libexec/audiomxd
    0  1056     1   0 Sat05PM ??         0:18.95 /usr/libexec/relatived
  501  1059     1   0 Sat05PM ??         0:02.78 /System/Library/PrivateFrameworks/MapsSync.framework/mapssyncd
  501  1060     1   0 Sat05PM ??         0:01.28 /System/Library/PrivateFrameworks/CascadeSets.framework/Versions/A/XPCServices/SetStoreUpdateService.xpc/Contents/MacOS/SetStoreUpdateService
  501  1070     1   0 Sat05PM ??         0:00.02 /System/Library/PrivateFrameworks/MobileAccessoryUpdater.framework/Support/fudHelperAgent
  277  1071     1   0 Sat05PM ??         0:00.13 /System/Library/PrivateFrameworks/RemoteManagement.framework/remotemanagementd
  501  1072     1   0 Sat05PM ??         0:04.66 /System/Library/PrivateFrameworks/DataAccess.framework/Support/dataaccessd
  277  1073     1   0 Sat05PM ??         0:00.07 /System/Library/PrivateFrameworks/RemoteManagement.framework/XPCServices/SecuritySubscriber.xpc/Contents/MacOS/SecuritySubscriber
  277  1074     1   0 Sat05PM ??         0:01.65 /usr/sbin/distnoted agent
  277  1075     1   0 Sat05PM ??         0:00.09 /System/Library/PrivateFrameworks/RemoteManagement.framework/XPCServices/InteractiveLegacyProfilesSubscriber.xpc/Contents/MacOS/InteractiveLegacyProfilesSubscriber
  501  1076     1   0 Sat05PM ??         2:15.71 /System/Library/Frameworks/Contacts.framework/Support/contactsd
  277  1077     1   0 Sat05PM ??         0:00.12 /System/Library/PrivateFrameworks/RemoteManagement.framework/XPCServices/ScreenSharingSubscriber.xpc/Contents/MacOS/ScreenSharingSubscriber
  277  1081     1   0 Sat05PM ??         0:00.09 /System/Library/PrivateFrameworks/RemoteManagement.framework/XPCServices/LegacyProfilesSubscriber.xpc/Contents/MacOS/LegacyProfilesSubscriber
  277  1082     1   0 Sat05PM ??         0:00.10 /System/Library/PrivateFrameworks/RemoteManagement.framework/XPCServices/PasscodeSettingsSubscriber.xpc/Contents/MacOS/PasscodeSettingsSubscriber
  277  1083     1   0 Sat05PM ??         0:00.10 /System/Library/PrivateFrameworks/RemoteManagement.framework/XPCServices/DiskManagementSubscriber.xpc/Contents/MacOS/DiskManagementSubscriber
  277  1084     1   0 Sat05PM ??         0:00.13 /System/Library/PrivateFrameworks/RemoteManagement.framework/XPCServices/SoftwareUpdateSubscriber.xpc/Contents/MacOS/SoftwareUpdateSubscriber
  277  1085     1   0 Sat05PM ??         0:00.12 /System/Library/PrivateFrameworks/RemoteManagement.framework/XPCServices/ManagementTestSubscriber.xpc/Contents/MacOS/ManagementTestSubscriber
  277  1086     1   0 Sat05PM ??         0:00.08 /System/Library/PrivateFrameworks/RemoteManagement.framework/XPCServices/ManagedConfigurationFilesSubscriber.xpc/Contents/MacOS/ManagedConfigurationFilesSubscriber
  501  1096     1   0 Sat05PM ??         0:00.50 /System/Library/PrivateFrameworks/CloudPhotoServices.framework/Versions/A/XPCServices/com.apple.CloudPhotosConfiguration.xpc/Contents/MacOS/com.apple.CloudPhotosConfiguration
  501  1099     1   0 Sat05PM ??         0:10.19 /usr/libexec/studentd
  501  1100     1   0 Sat05PM ??         1:18.68 /System/Library/PrivateFrameworks/PhotoAnalysis.framework/Versions/A/Support/photoanalysisd
  501  1105     1   0 Sat05PM ??         0:13.73 cloudphotod
  501  1112     1   0 Sat05PM ??         0:00.40 /System/Library/PrivateFrameworks/GeoAnalytics.framework/geoanalyticsd
  501  1113     1   0 Sat05PM ??         0:02.03 /usr/libexec/mlhostd
  501  1115     1   0 Sat05PM ??         1:44.07 /usr/libexec/duetexpertd
  501  1118     1   0 Sat05PM ??         0:02.24 /System/Library/Frameworks/ExtensionFoundation.framework/Versions/A/XPCServices/extensionkitservice.xpc/Contents/MacOS/extensionkitservice
  501  1123     1   0 Sat05PM ??         0:07.67 /System/Library/PrivateFrameworks/AppPredictionFoundation.framework/Versions/A/XPCServices/AppPredictionIntentsHelperService.xpc/Contents/MacOS/AppPredictionIntentsHelperService
  501  1129     1   0 Sat05PM ??         0:00.10 /usr/libexec/feedbackd
  501  1136     1   0 Sat05PM ??         0:00.21 /System/Library/CoreServices/EscrowSecurityAlert.app/Contents/MacOS/EscrowSecurityAlert
  501  1138     1   0 Sat05PM ??         0:02.99 /System/Library/PrivateFrameworks/PaperKit.framework/Contents/LinkedNotesUIService.app/Contents/MacOS/LinkedNotesUIService
    0  1140     1   0 Sat05PM ??         0:17.19 /usr/libexec/ASPCarryLog
    0  1141     1   0 Sat05PM ??         0:01.62 /usr/libexec/powerdatad
  501  1143     1   0 Sat05PM ??         0:01.70 /System/Library/PrivateFrameworks/SiriAnalytics.framework/Versions/A/XPCServices/SAExtensionOrchestrator.xpc/Contents/MacOS/SAExtensionOrchestrator
  501  1144     1   0 Sat05PM ??         0:00.16 /System/Library/Frameworks/ExtensionFoundation.framework/Versions/A/XPCServices/extensionkitservice.xpc/Contents/MacOS/extensionkitservice
  501  1145     1   0 Sat05PM ??         0:00.11 /System/Library/ExtensionKit/Extensions/GMSSELFIngestor.appex/Contents/MacOS/GMSSELFIngestor
  501  1146     1   0 Sat05PM ??         0:00.09 /System/Library/ExtensionKit/Extensions/IFTelemetrySELFIngestor.appex/Contents/MacOS/IFTelemetrySELFIngestor
  501  1147     1   0 Sat05PM ??         0:00.13 /System/Library/ExtensionKit/Extensions/BiomeSELFIngestor.appex/Contents/MacOS/BiomeSELFIngestor
  501  1148     1   0 Sat05PM ??         0:00.12 /System/Library/ExtensionKit/Extensions/IFTranscriptSELFIngestor.appex/Contents/MacOS/IFTranscriptSELFIngestor
    0  1150     1   0 Sat05PM ??         0:00.33 /usr/libexec/mmaintenanced
  501  1152     1   0 Sat05PM ??         0:00.08 /usr/libexec/betaenrollmentd
    0  1153     1   0 Sat05PM ??         0:00.03 /System/Library/CoreServices/Applications/Feedback Assistant.app/Contents/Library/LaunchServices/fbahelperd
  501  1162     1   0 Sat05PM ??         0:00.15 /System/Library/Frameworks/ApplicationServices.framework/Versions/A/Frameworks/SpeechSynthesis.framework/Versions/A/XPCServices/SpeechSynthesisServerXPC.xpc/Contents/MacOS/SpeechSynthesisServerXPC
  501  1164     1   0 Sat05PM ??         0:11.03 /System/Library/PrivateFrameworks/AccessibilitySupport.framework/Versions/A/Resources/AccessibilityVisualsAgent.app/Contents/MacOS/AccessibilityVisualsAgent
  501  1168     1   0 Sat05PM ??         0:03.74 /System/Library/CoreServices/OSDUIHelper.app/Contents/MacOS/OSDUIHelper
  501  1191     1   0 Sat05PM ??         0:00.16 /System/Library/Frameworks/Security.framework/Versions/A/Resources/CloudKeychainProxy.bundle/Contents/MacOS/CloudKeychainProxy
  501  1207     1   0 Sat06PM ??         0:00.02 /System/Library/Frameworks/Metal.framework/Versions/A/XPCServices/MTLCompilerService.xpc/Contents/MacOS/MTLCompilerService
  501  1208     1   0 Sat06PM ??         0:00.24 /System/Library/Frameworks/VideoToolbox.framework/Versions/A/XPCServices/VTDecoderXPCService.xpc/Contents/MacOS/VTDecoderXPCService
  501  1209     1   0 Sat06PM ??         0:00.03 /System/Library/Frameworks/Metal.framework/Versions/A/XPCServices/MTLCompilerService.xpc/Contents/MacOS/MTLCompilerService
    0  1232     1   0 Sat06PM ??         0:00.08 /System/Library/Frameworks/VideoToolbox.framework/Versions/A/XPCServices/VTDecoderXPCService.xpc/Contents/MacOS/VTDecoderXPCService
  501  1239     1   0 Sat06PM ??         0:00.05 /usr/libexec/metrickitd
    0  1241     1   0 Sat06PM ??         0:00.05 /Library/Apple/System/Library/CoreServices/XProtect.app/Contents/MacOS/XProtect
  501  1242     1   0 Sat06PM ??         0:00.20 /System/Library/PrivateFrameworks/IMDPersistence.framework/IMAutomaticHistoryDeletionAgent.app/Contents/MacOS/IMAutomaticHistoryDeletionAgent
  501  1247     1   0 Sat06PM ??         0:00.07 /Library/Apple/System/Library/CoreServices/XProtect.app/Contents/MacOS/XProtect
    0  1280     1   0 Sat08PM ??         0:02.73 /usr/libexec/ospredictiond
  265  1370     1   0 Sat11PM ??         0:00.08 /usr/libexec/fairplaydeviceidentityd
  501  1418     1   0 Sun01AM ??         0:05.87 /System/Library/Frameworks/CoreServices.framework/Frameworks/Metadata.framework/Versions/A/Support/managedcorespotlightd
  501  1432     1   0 Sun01AM ??         0:00.09 /System/Library/Frameworks/AudioToolbox.framework/XPCServices/com.apple.audio.SandboxHelper.xpc/Contents/MacOS/com.apple.audio.SandboxHelper
  501  1445     1   0 Sun01AM ??         0:04.89 /System/Library/PrivateFrameworks/MediaConversionService.framework/Versions/A/XPCServices/com.apple.photos.ImageConversionService.xpc/Contents/MacOS/com.apple.photos.ImageConversionService
  501  1540     1   0 Sun05AM ??         0:04.65 /usr/libexec/proactived
  501  1541     1   0 Sun05AM ??         0:01.81 /System/Library/PrivateFrameworks/People.framework/peopled
    0  1555     1   0 Sun05AM ??         0:00.03 /usr/libexec/tzd
    0  1556     1   0 Sun05AM ??         0:00.09 /System/Library/PrivateFrameworks/XprotectFramework.framework/Versions/A/XPCServices/XProtectUpdateService.xpc/Contents/MacOS/XProtectUpdateService
  235  1557     1   0 Sun05AM ??         0:00.93 /System/Library/PrivateFrameworks/AssetCacheServices.framework/Versions/A/XPCServices/AssetCacheLocatorService.xpc/Contents/MacOS/AssetCacheLocatorService -d
  501  1558     1   0 Sun05AM ??         0:00.61 /usr/libexec/swtransparencyd
  501  1560     1   0 Sun05AM ??         0:00.09 /System/Library/Frameworks/CoreSpotlight.framework/spotlightknowledged -x
    0  1643     1   0 Sun08AM ??         0:00.03 /System/Library/PrivateFrameworks/Categories.framework/Versions/A/XPCServices/CategoriesService.xpc/Contents/MacOS/CategoriesService
    0  1644     1   0 Sun08AM ??         0:00.04 /System/Library/PrivateFrameworks/ContextKit.framework/Versions/A/XPCServices/ContextService.xpc/Contents/MacOS/ContextService
  501  1713     1   0 Sun10AM ??         5:47.95 /System/Library/Frameworks/WebKit.framework/Versions/A/XPCServices/com.apple.WebKit.WebContent.xpc/Contents/MacOS/com.apple.WebKit.WebContent
  501  1719     1   0 Sun10AM ??        13:31.46 /System/Library/Frameworks/WebKit.framework/Versions/A/XPCServices/com.apple.WebKit.WebContent.xpc/Contents/MacOS/com.apple.WebKit.WebContent
  501  1734     1   0 Sun10AM ??         0:00.43 /usr/libexec/MTLAssetUpgraderD
  501  1735     1   0 Sun10AM ??         0:00.05 /System/Library/Frameworks/MediaExtension.framework/Versions/A/Helpers/MENotificationAgent
  501  1736     1   0 Sun10AM ??         0:02.16 /System/Library/PrivateFrameworks/BackgroundTaskManagement.framework/Support/BackgroundTaskManagementAgent.app/Contents/MacOS/BackgroundTaskManagementAgent
  501  1737     1   0 Sun10AM ??         0:00.01 /System/Library/Frameworks/NetFS.framework/Versions/A/XPCServices/PlugInLibraryService.xpc/Contents/MacOS/PlugInLibraryService
    0  1743     1   0 Sun10AM ??         0:11.15 /usr/sbin/spindump
  501  1744     1   0 Sun10AM ??         0:00.03 /usr/libexec/spindump_agent
  501  1748     1   0 Sun10AM ??         0:39.08 /System/Library/Frameworks/CoreServices.framework/Frameworks/Metadata.framework/Versions/A/Support/mdworker -s mdworker-sizing -c MDSSizingWorker -m com.apple.mdworker.sizing
  501  1782     1   0 Sun10AM ??         0:02.62 /usr/libexec/tipsd
  501  1789     1   0 Sun10AM ??        32:06.14 /System/Library/Frameworks/WebKit.framework/Versions/A/XPCServices/com.apple.WebKit.WebContent.xpc/Contents/MacOS/com.apple.WebKit.WebContent
  501  1798     1   0 Sun10AM ??         0:01.02 /System/Library/Frameworks/Metal.framework/Versions/A/XPCServices/MTLCompilerService.xpc/Contents/MacOS/MTLCompilerService
    0  1801     1   0 Sun10AM ??         0:00.02 /System/Library/CoreServices/ReportCrash daemon
  296  1803     1   0 Sun10AM ??         0:01.55 /usr/sbin/distnoted agent
  501  1824     1   0 Sun10AM ??         7:11.45 /System/Library/Frameworks/WebKit.framework/Versions/A/XPCServices/com.apple.WebKit.WebContent.xpc/Contents/MacOS/com.apple.WebKit.WebContent
  501  1825     1   0 Sun10AM ??         2:16.15 /System/Library/Frameworks/WebKit.framework/Versions/A/XPCServices/com.apple.WebKit.WebContent.xpc/Contents/MacOS/com.apple.WebKit.WebContent
    0  1859     1   0 Sun11AM ??         0:00.03 /System/Library/Frameworks/Metal.framework/Versions/A/XPCServices/MTLCompilerService.xpc/Contents/MacOS/MTLCompilerService
  501  1885     1   0 Sun11AM ??         0:06.58 /System/Library/Frameworks/WebKit.framework/Versions/A/XPCServices/com.apple.WebKit.WebContent.xpc/Contents/MacOS/com.apple.WebKit.WebContent
  501  2146     1   0 Sun11AM ??         0:05.31 /System/Library/CoreServices/Dock.app/Contents/XPCServices/DockHelper.xpc/Contents/MacOS/DockHelper
  501  2407     1   0 Sun11AM ??         0:00.11 /System/Library/Frameworks/Metal.framework/Versions/A/XPCServices/MTLCompilerService.xpc/Contents/MacOS/MTLCompilerService
    0  4855     1   0 Sun11AM ??         0:06.60 /System/Library/PrivateFrameworks/XprotectFramework.framework/Versions/A/XPCServices/XprotectService.xpc/Contents/MacOS/XprotectService
  501  4874     1   0 Sun11AM ??         1:04.75 /System/Library/Frameworks/WebKit.framework/Versions/A/XPCServices/com.apple.WebKit.WebContent.xpc/Contents/MacOS/com.apple.WebKit.WebContent
  501  4892     1   0 Sun11AM ??         0:00.03 /System/Library/Frameworks/CoreServices.framework/Versions/A/Frameworks/DictionaryServices.framework/Versions/A/XPCServices/com.apple.DictionaryServiceHelper.xpc/Contents/MacOS/com.apple.DictionaryServiceHelper
  501  4927     1   0 Sun11AM ??         0:00.50 /System/Library/Frameworks/WebKit.framework/Versions/A/XPCServices/com.apple.WebKit.WebContent.xpc/Contents/MacOS/com.apple.WebKit.WebContent
    0  4931     1   0 Sun11AM ??         0:00.05 /System/Library/Frameworks/AudioToolbox.framework/XPCServices/com.apple.audio.SandboxHelper.xpc/Contents/MacOS/com.apple.audio.SandboxHelper
  501  5057     1   0 Sun11AM ??         0:02.82 /System/Library/Frameworks/AuthenticationServices.framework/Versions/A/XPCServices/com.apple.AuthenticationServices.Helper.xpc/Contents/MacOS/com.apple.AuthenticationServices.Helper
  501  5107     1   0 Sun12PM ??         0:04.83 /System/Library/PrivateFrameworks/CommerceKit.framework/Versions/A/Resources/storeuid.app/Contents/MacOS/storeuid
  501  5108     1   0 Sun12PM ??         0:03.32 /System/Library/PrivateFrameworks/GameCenterFoundation.framework/Versions/A/gamed
    0  5111     1   0 Sun12PM ??         0:00.09 /System/Library/PrivateFrameworks/AppStoreDaemon.framework/Versions/A/XPCServices/com.apple.AppStoreDaemon.StorePrivilegedTaskService.xpc/Contents/MacOS/com.apple.AppStoreDaemon.StorePrivilegedTaskService
  501  5178     1   0 Sun12PM ??         0:00.68 /System/Library/PrivateFrameworks/DeviceCheckInternal.framework/devicecheckd
  501  5247     1   0 Sun02PM ??         0:00.90 /System/Library/PrivateFrameworks/CallHistory.framework/Support/CallHistorySyncHelper
  501  5343     1   0 Sun04PM ??         0:00.06 /System/Library/Frameworks/Metal.framework/Versions/A/XPCServices/MTLCompilerService.xpc/Contents/MacOS/MTLCompilerService
  501  5344     1   0 Sun04PM ??         0:00.06 /System/Library/Frameworks/Metal.framework/Versions/A/XPCServices/MTLCompilerService.xpc/Contents/MacOS/MTLCompilerService
  501  6221     1   0 Mon03PM ??         0:00.25 /System/Library/PrivateFrameworks/AvatarPersistence.framework/Support/avatarsd
  501  6225     1   0 Mon03PM ??         1:04.57 /System/Applications/Passwords.app/Contents/MacOS/Passwords
  501  6226     1   0 Mon03PM ??         0:04.90 /System/Library/PrivateFrameworks/LocalAuthenticationUI.framework/Versions/A/XPCServices/LocalAuthenticationRemoteService.xpc/Contents/MacOS/LocalAuthenticationRemoteService
  501  6228     1   0 Mon03PM ??         0:02.23 /System/Library/PrivateFrameworks/AppStoreComponents.framework/Support/appstorecomponentsd
  501  6232     1   0 Mon03PM ??         0:00.97 /System/Library/Frameworks/WebKit.framework/Versions/A/XPCServices/com.apple.WebKit.Networking.xpc/Contents/MacOS/com.apple.WebKit.Networking
  501  6233     1   0 Mon03PM ??         0:00.02 /System/Library/Frameworks/AudioToolbox.framework/XPCServices/com.apple.audio.SandboxHelper.xpc/Contents/MacOS/com.apple.audio.SandboxHelper
  501  6329     1   0 Mon03PM ??         0:16.17 /System/Library/Frameworks/WebKit.framework/Versions/A/XPCServices/com.apple.WebKit.WebContent.xpc/Contents/MacOS/com.apple.WebKit.WebContent
  501  6336     1   0 Mon03PM ??         4:28.92 /System/Library/Frameworks/WebKit.framework/Versions/A/XPCServices/com.apple.WebKit.WebContent.xpc/Contents/MacOS/com.apple.WebKit.WebContent
    0  6338     1   0 Mon03PM ??         0:06.96 /System/Library/PrivateFrameworks/AppleNeuralEngine.framework/XPCServices/ANECompilerService.xpc/Contents/MacOS/ANECompilerService
  501  6602     1   0 Mon04PM ??         0:43.28 /System/Library/Frameworks/WebKit.framework/Versions/A/XPCServices/com.apple.WebKit.WebContent.xpc/Contents/MacOS/com.apple.WebKit.WebContent
  501  6604     1   0 Mon04PM ??         0:28.44 /System/Library/Frameworks/WebKit.framework/Versions/A/XPCServices/com.apple.WebKit.WebContent.xpc/Contents/MacOS/com.apple.WebKit.WebContent
  501  6838     1   0 Mon04PM ??         9:23.17 /System/Applications/Notes.app/Contents/MacOS/Notes
  501  6840     1   0 Mon04PM ??         0:00.04 /System/Library/Frameworks/Speech.framework/Versions/A/XPCServices/localspeechrecognition.xpc/Contents/MacOS/localspeechrecognition
  501  6844     1   0 Mon04PM ??         0:02.81 /System/Library/Frameworks/AppKit.framework/Versions/C/XPCServices/ThemeWidgetControlViewService.xpc/Contents/MacOS/ThemeWidgetControlViewService
  501  6846     1   0 Mon04PM ??         0:01.08 /System/Library/Frameworks/GroupActivities.framework/Versions/A/XPCServices/GroupSessionService.xpc/Contents/MacOS/GroupSessionService
    0  6935     1   0 Mon04PM ??         4:02.34 /usr/libexec/PerfPowerServices
  501  7058     1   0 Mon05PM ??         0:00.16 /System/Library/Frameworks/CoreServices.framework/Frameworks/Metadata.framework/Versions/A/Support/mdwrite
  501  7060     1   0 Mon05PM ??         0:00.46 /System/Library/Frameworks/ExtensionFoundation.framework/Versions/A/XPCServices/extensionkitservice.xpc/Contents/MacOS/extensionkitservice
  501  7061     1   0 Mon05PM ??         0:02.75 /System/Library/ExtensionKit/Extensions/ImageThumbnailExtension.appex/Contents/MacOS/ImageThumbnailExtension
  501  7080     1   0 Mon05PM ??         0:00.02 /System/Library/Frameworks/NetFS.framework/Versions/A/XPCServices/PlugInLibraryService.xpc/Contents/MacOS/PlugInLibraryService
  501  7084     1   0 Mon05PM ??         0:00.03 /System/Library/Frameworks/NetFS.framework/Versions/A/XPCServices/PlugInLibraryService.xpc/Contents/MacOS/PlugInLibraryService
  501  7085     1   0 Mon05PM ??         0:01.06 /System/Library/PrivateFrameworks/MediaConversionService.framework/Versions/A/XPCServices/com.apple.photos.ImageConversionService.xpc/Contents/MacOS/com.apple.photos.ImageConversionService
  242  7116     1   0 Mon05PM ??         0:08.86 /System/Library/PrivateFrameworks/StreamingExtractor.framework/Versions/A/XPCServices/STExtractionService.privileged.xpc/Contents/MacOS/STExtractionService.privileged
    0  7124     1   0 Mon05PM ??         0:00.04 /System/Library/PrivateFrameworks/MobileAsset.framework/Versions/A/XPCServices/ManifestStorageService.xpc/Contents/MacOS/ManifestStorageService
  501  7173     1   0 Mon05PM ??         0:09.03 /System/Library/ExtensionKit/Extensions/PhotosPicker.appex/Contents/MacOS/PhotosPicker -AppleLanguages ("ja", "ja-JP")
  501  7174     1   0 Mon05PM ??         0:00.19 /System/Library/Frameworks/Metal.framework/Versions/A/XPCServices/MTLCompilerService.xpc/Contents/MacOS/MTLCompilerService
  501  7175     1   0 Mon05PM ??         0:00.02 /System/Library/Frameworks/Metal.framework/Versions/A/XPCServices/MTLCompilerService.xpc/Contents/MacOS/MTLCompilerService
  501  7177     1   0 Mon05PM ??         0:00.32 /System/Library/Frameworks/Metal.framework/Versions/A/XPCServices/MTLCompilerService.xpc/Contents/MacOS/MTLCompilerService
  501  7178     1   0 Mon05PM ??         0:00.10 /System/Library/Frameworks/Metal.framework/Versions/A/XPCServices/MTLCompilerService.xpc/Contents/MacOS/MTLCompilerService
  501  8445     1   0 Mon08PM ??         0:00.08 /System/Library/PrivateFrameworks/XprotectFramework.framework/Versions/A/XPCServices/XprotectService.xpc/Contents/MacOS/XprotectService
  501  8521     1   0 Mon08PM ??         0:00.06 /System/Library/PrivateFrameworks/CSExattrCrypto.framework/Versions/A/XPCServices/CSExattrCryptoService.xpc/Contents/MacOS/CSExattrCryptoService
  501  8542     1   0 Mon08PM ??         0:00.03 /System/Library/PrivateFrameworks/CSExattrCrypto.framework/Versions/A/XPCServices/CSExattrCryptoService.xpc/Contents/MacOS/CSExattrCryptoService
  501  9387     1   0 Mon09PM ??         0:00.07 /System/Library/Frameworks/Metal.framework/Versions/A/XPCServices/MTLCompilerService.xpc/Contents/MacOS/MTLCompilerService
  501  9389     1   0 Mon09PM ??         0:00.02 /System/Library/Frameworks/Metal.framework/Versions/A/XPCServices/MTLCompilerService.xpc/Contents/MacOS/MTLCompilerService
  501  9525     1   0 Mon10PM ??         0:00.46 /System/Library/PrivateFrameworks/SiriTTSService.framework/Versions/A/XPCServices/com.apple.SiriTTSService.TrialProxy.xpc/Contents/MacOS/com.apple.SiriTTSService.TrialProxy
    0 11981     1   0 10:52PM ??         0:00.02 /System/Library/PrivateFrameworks/WiFiPolicy.framework/XPCServices/WiFiCloudAssetsXPCService.xpc/Contents/MacOS/WiFiCloudAssetsXPCService
  501 12022     1   0 10:55PM ??         0:01.63 /System/Library/Frameworks/AppKit.framework/Versions/C/XPCServices/ThemeWidgetControlViewService.xpc/Contents/MacOS/ThemeWidgetControlViewService
  501 12791     1   0 11:51PM ??         0:52.41 /System/Library/Frameworks/WebKit.framework/Versions/A/XPCServices/com.apple.WebKit.WebContent.xpc/Contents/MacOS/com.apple.WebKit.WebContent
  501 12917     1   0 12:12AM ??         1:46.05 /System/Library/Frameworks/WebKit.framework/Versions/A/XPCServices/com.apple.WebKit.WebContent.xpc/Contents/MacOS/com.apple.WebKit.WebContent
  501 13206     1   0 12:31AM ??         0:39.33 /System/Library/Frameworks/WebKit.framework/Versions/A/XPCServices/com.apple.WebKit.WebContent.xpc/Contents/MacOS/com.apple.WebKit.WebContent
  501 14168     1   0  4:57AM ??         0:20.69 /usr/libexec/searchpartyuseragent
  501 14414     1   0  6:15AM ??         0:01.71 /System/Library/CoreServices/PowerChime.app/Contents/MacOS/PowerChime
  278 14415     1   0  6:15AM ??         0:01.45 /System/Library/PrivateFrameworks/GeoServices.framework/Versions/A/XPCServices/com.apple.geod.xpc/Contents/MacOS/com.apple.geod
  278 14416     1   0  6:15AM ??         0:00.55 /usr/libexec/secinitd
  278 14417     1   0  6:15AM ??         0:00.10 /usr/sbin/cfprefsd agent
  278 14418     1   0  6:15AM ??         0:00.52 /usr/libexec/trustd --agent
  278 14419     1   0  6:15AM ??         0:00.16 /usr/libexec/containermanagerd --runmode=agent --user-container-mode=current --bundle-container-mode=proxy --system-container-mode=none
  501 14501     1   0  6:22AM ??         0:02.49 /System/Library/PrivateFrameworks/UIFoundation.framework/Versions/A/XPCServices/nsattributedstringagent.xpc/Contents/MacOS/nsattributedstringagent
  501 14522     1   0  6:23AM ??         0:15.39 /System/Library/Frameworks/WebKit.framework/Versions/A/XPCServices/com.apple.WebKit.WebContent.xpc/Contents/MacOS/com.apple.WebKit.WebContent
    0 14562     1   0  6:26AM ??         0:00.04 /usr/libexec/griddatad
  501 14602     1   0  6:37AM ??         0:00.03 /System/Library/PrivateFrameworks/CoreEmbeddedSpeechRecognition.framework/Versions/A/XPCServices/com.apple.siri.embeddedspeech.xpc/Contents/MacOS/com.apple.siri.embeddedspeech
  501 14609     1   0  6:37AM ??         0:00.11 /usr/libexec/ciphermld
  501 14620     1   0  6:37AM ??         0:00.23 /System/Library/PrivateFrameworks/PrivateCloudCompute.framework/privatecloudcomputed.app/Contents/MacOS/privatecloudcomputed
  501 14621     1   0  6:37AM ??         0:00.22 /System/Library/PrivateFrameworks/CloudTelemetry.framework/Versions/A/XPCServices/CloudTelemetryService.xpc/Contents/MacOS/CloudTelemetryService
  501 14626     1   0  6:37AM ??         0:00.08 /System/Library/PrivateFrameworks/BusinessChatService.framework/businessservicesd
  501 14629     1   0  6:37AM ??         0:00.14 /System/Library/PrivateFrameworks/MessagesBlastDoorSupport.framework/Versions/A/XPCServices/MessagesBlastDoorService.xpc/Contents/MacOS/MessagesBlastDoorService
  501 14630     1   0  6:37AM ??         0:00.19 /System/Library/PrivateFrameworks/CloudTelemetry.framework/Versions/A/XPCServices/CloudTelemetryService.xpc/Contents/MacOS/CloudTelemetryService
  200 14644     1   0  6:37AM ??         0:00.05 /usr/sbin/cfprefsd agent
  501 14645     1   0  6:37AM ??         0:00.33 /usr/libexec/dprivacyd
  501 14648     1   0  6:37AM ??         0:00.26 /System/Library/PrivateFrameworks/DifferentialPrivacy.framework/XPCServices/DPSubmissionService.xpc/Contents/MacOS/DPSubmissionService
    0 14668     1   0  6:38AM ??         0:00.03 /System/Library/PrivateFrameworks/PerfPowerServicesReader.framework/Versions/A/XPCServices/PerfPowerTelemetryReaderService.xpc/Contents/MacOS/PerfPowerTelemetryReaderService
  242 14677     1   0  6:38AM ??         0:00.19 /System/Library/PrivateFrameworks/StreamingZip.framework/Versions/A/XPCServices/com.apple.StreamingUnzipService.privileged.xpc/Contents/MacOS/com.apple.StreamingUnzipService.privileged
  501 14694     1   0  6:38AM ??         0:00.03 /System/Library/CoreServices/Setup Assistant.app/Contents/Resources/mbuseragent
  278 14695     1   0  6:38AM ??         0:00.09 /System/Library/PrivateFrameworks/MobileAccessoryUpdater.framework/XPCServices/EAUpdaterService.xpc/Contents/MacOS/EAUpdaterService
  247 14697     1   0  6:38AM ??         0:00.13 /System/Library/PrivateFrameworks/GameControllerFoundation.framework/Versions/A/XPCServices/GameControllerConfigService.xpc/Contents/MacOS/GameControllerConfigService
  242 14707     1   0  6:38AM ??         0:00.05 /usr/sbin/cfprefsd agent
  260 14708     1   0  6:38AM ??         0:00.05 /usr/sbin/cfprefsd agent
  277 14711     1   0  6:38AM ??         0:00.06 /usr/sbin/cfprefsd agent
  501 14723     1   0  6:39AM ??         0:00.19 /usr/libexec/backgroundassets.user
  501 14741     1   0  6:39AM ??         0:01.63 /System/Library/PrivateFrameworks/Noticeboard.framework/Versions/A/Resources/nbagent.app/Contents/MacOS/nbagent
    0 14742     1   0  6:39AM ??         0:00.10 /System/Library/PrivateFrameworks/Noticeboard.framework/Versions/A/Resources/nbstated
  501 14780     1   0  6:40AM ??         0:00.14 /System/Library/PrivateFrameworks/RemoteManagement.framework/RemoteManagementAgent
  501 14781     1   0  6:40AM ??         0:00.12 /System/Library/PrivateFrameworks/SafariFoundation.framework/Versions/A/XPCServices/SafariConfigurationSubscriber.xpc/Contents/MacOS/SafariConfigurationSubscriber
  501 14782     1   0  6:40AM ??         0:00.11 /System/Library/PrivateFrameworks/RemoteManagement.framework/XPCServices/SecuritySubscriber.xpc/Contents/MacOS/SecuritySubscriber
  501 14783     1   0  6:40AM ??         0:00.10 /System/Library/PrivateFrameworks/RemoteManagement.framework/XPCServices/InteractiveLegacyProfilesSubscriber.xpc/Contents/MacOS/InteractiveLegacyProfilesSubscriber
  501 14784     1   0  6:40AM ??         0:00.13 /System/Library/PrivateFrameworks/RemoteManagement.framework/XPCServices/ScreenSharingSubscriber.xpc/Contents/MacOS/ScreenSharingSubscriber
  501 14788     1   0  6:40AM ??         0:00.11 /System/Library/PrivateFrameworks/RemoteManagement.framework/XPCServices/MathSettingsSubscriber.xpc/Contents/MacOS/MathSettingsSubscriber
  501 14789     1   0  6:40AM ??         0:00.11 /System/Library/PrivateFrameworks/RemoteManagement.framework/XPCServices/LegacyProfilesSubscriber.xpc/Contents/MacOS/LegacyProfilesSubscriber
  501 14790     1   0  6:40AM ??         0:00.11 /System/Library/PrivateFrameworks/RemoteManagement.framework/XPCServices/PasscodeSettingsSubscriber.xpc/Contents/MacOS/PasscodeSettingsSubscriber
  501 14791     1   0  6:40AM ??         0:00.15 /System/Library/PrivateFrameworks/RemoteManagement.framework/XPCServices/AccountSubscriber.xpc/Contents/MacOS/AccountSubscriber
  501 14793     1   0  6:40AM ??         0:00.10 /System/Library/PrivateFrameworks/RemoteManagement.framework/XPCServices/ManagementTestSubscriber.xpc/Contents/MacOS/ManagementTestSubscriber
  501 14794     1   0  6:40AM ??         0:00.13 /System/Library/PrivateFrameworks/RemoteManagement.framework/XPCServices/ASConfigurationSubscriber.xpc/Contents/MacOS/ASConfigurationSubscriber
    0 14798     1   0  6:40AM ??         0:00.03 /usr/libexec/microstackshot
    0 14799     1   0  6:40AM ??         0:00.13 /usr/libexec/dprivacyd
  501 14800     1   0  6:40AM ??         0:01.46 /usr/libexec/proactiveeventtrackerd
    0 14828     1   0  6:41AM ??         0:00.03 /usr/libexec/sysdiagnosed
  501 14829     1   0  6:41AM ??         0:00.84 /System/Library/PrivateFrameworks/AMPLibrary.framework/Versions/A/Support/AMPLibraryAgent --launchd
  501 14832     1   0  6:41AM ??         0:00.05 /System/Library/PrivateFrameworks/AMPLibrary.framework/Versions/A/Support/AMPArtworkAgent --launchd
  501 14834     1   0  6:41AM ??         0:00.05 /System/Library/PrivateFrameworks/BookKit.framework/Versions/A/XPCServices/com.apple.BKAgentService.xpc/Contents/MacOS/com.apple.BKAgentService
    0 14844     1   0  6:41AM ??         0:01.46 /System/Library/CoreServices/iconservicesagent runAsRoot
    0 14845     1   0  6:41AM ??         0:00.23 /System/Library/Frameworks/Metal.framework/Versions/A/XPCServices/MTLCompilerService.xpc/Contents/MacOS/MTLCompilerService
    0 14846     1   0  6:41AM ??         0:00.12 /System/Library/Frameworks/Metal.framework/Versions/A/XPCServices/MTLCompilerService.xpc/Contents/MacOS/MTLCompilerService
    0 14879     1   0  6:43AM ??         0:00.05 /System/Library/PrivateFrameworks/AppleNeuralEngine.framework/XPCServices/ANEStorageMaintainer.xpc/Contents/MacOS/ANEStorageMaintainer
  501 14882     1   0  6:43AM ??         0:00.09 /System/Library/PrivateFrameworks/AssistantServices.framework/Versions/A/XPCServices/media-indexer.xpc/Contents/MacOS/media-indexer
  501 14883     1   0  6:43AM ??         0:00.07 /System/Library/PrivateFrameworks/PodcastServices.framework/XPCServices/PodcastContentService.xpc/Contents/MacOS/PodcastContentService
  296 14916     1   0  6:48AM ??         0:00.05 /usr/sbin/cfprefsd agent
  296 14917     1   0  6:48AM ??         0:00.02 /System/Library/PrivateFrameworks/AppleNeuralEngine.framework/XPCServices/ANEStorageMaintainer.xpc/Contents/MacOS/ANEStorageMaintainer
  501 14918     1   0  6:48AM ??         0:01.85 /System/Library/PrivateFrameworks/ContactsDonation.framework/Versions/A/Support/contactsdonationagent
  501 14922     1   0  6:48AM ??         0:00.13 /usr/libexec/mlruntimed
  257 15011     1   0  7:15AM ??         0:00.05 /usr/libexec/DataDetectorsSourceAccess
   89 15025     1   0  7:30AM ??         0:00.71 /usr/libexec/trustd --agent
   89 15028     1   0  7:30AM ??         0:00.11 /usr/libexec/secd
    0 15031     1   0  7:30AM ??         0:00.21 /usr/libexec/apfsd
   89 15032     1   0  7:30AM ??         0:08.45 /System/Library/Frameworks/CoreServices.framework/Frameworks/Metadata.framework/Versions/A/Support/mdworker -s mdworker-sizing -c MDSSizingWorker -m com.apple.mdworker.sizing
  501 15181     1   0  7:31AM ??         0:03.47 /System/Library/PrivateFrameworks/IntelligencePlatformCompute.framework/Versions/A/XPCServices/IntelligencePlatformComputeService.xpc/Contents/MacOS/IntelligencePlatformComputeService
  302 15182     1   0  7:31AM ??         0:00.06 /System/Library/CoreServices/ReportSystemMemory
  501 15468     1   0 11:45AM ??         1:23.32 /System/Library/Frameworks/WebKit.framework/Versions/A/XPCServices/com.apple.WebKit.WebContent.xpc/Contents/MacOS/com.apple.WebKit.WebContent
  501 15585     1   0 11:50AM ??         0:00.02 /System/Library/PrivateFrameworks/CharacterPicker.framework/Versions/A/XPCServices/com.apple.CharacterPicker.FileService.xpc/Contents/MacOS/com.apple.CharacterPicker.FileService
  501 15586     1   0 11:50AM ??         0:00.24 /System/Library/PrivateFrameworks/Stickers.framework/Support/stickersd
  501 15711     1   0 11:58AM ??         1:59.63 /System/Library/Frameworks/WebKit.framework/Versions/A/XPCServices/com.apple.WebKit.WebContent.xpc/Contents/MacOS/com.apple.WebKit.WebContent
  501 15717     1   0 11:58AM ??         0:35.76 /Applications/LINE.app/Contents/MacOS/LINE
  501 15732     1   0 11:59AM ??         0:00.34 /Applications/LINE.app/Contents/XPCServices/LINE.MediaService.xpc/Contents/MacOS/LINE.MediaService
  501 15733     1   0 11:59AM ??         0:00.34 /Applications/LINE.app/Contents/XPCServices/LINE.SeekPreviewService.xpc/Contents/MacOS/LINE.SeekPreviewService
  501 15734     1   0 11:59AM ??         0:00.32 /Applications/LINE.app/Contents/XPCServices/LINE.TimelinePreviewService.0.xpc/Contents/MacOS/LINE.TimelinePreviewService.0
  501 15735     1   0 11:59AM ??         0:00.32 /Applications/LINE.app/Contents/XPCServices/LINE.TimelinePreviewService.1.xpc/Contents/MacOS/LINE.TimelinePreviewService.1
  501 15736     1   0 11:59AM ??         0:27.12 /Applications/LINE.app/Contents/Frameworks/LineCall.app/Contents/MacOS/LineCall
  501 15737     1   0 11:59AM ??         0:00.32 /Applications/LINE.app/Contents/XPCServices/LINE.AudioService.xpc/Contents/MacOS/LINE.AudioService
  501 15738     1   0 11:59AM ??         0:00.02 /System/Library/Frameworks/AudioToolbox.framework/XPCServices/com.apple.audio.SandboxHelper.xpc/Contents/MacOS/com.apple.audio.SandboxHelper
  501 15739     1   0 11:59AM ??         0:00.02 /System/Library/Frameworks/AudioToolbox.framework/XPCServices/com.apple.audio.SandboxHelper.xpc/Contents/MacOS/com.apple.audio.SandboxHelper
  501 15740     1   0 11:59AM ??         0:00.02 /System/Library/Frameworks/AudioToolbox.framework/XPCServices/com.apple.audio.SandboxHelper.xpc/Contents/MacOS/com.apple.audio.SandboxHelper
  501 15741     1   0 11:59AM ??         0:00.02 /System/Library/Frameworks/AudioToolbox.framework/XPCServices/com.apple.audio.SandboxHelper.xpc/Contents/MacOS/com.apple.audio.SandboxHelper
  501 15742     1   0 11:59AM ??         0:00.02 /System/Library/Frameworks/AudioToolbox.framework/XPCServices/com.apple.audio.SandboxHelper.xpc/Contents/MacOS/com.apple.audio.SandboxHelper
  501 15747     1   0 11:59AM ??         1:45.45 /System/Library/Frameworks/WebKit.framework/Versions/A/XPCServices/com.apple.WebKit.WebContent.xpc/Contents/MacOS/com.apple.WebKit.WebContent
  501 15808     1   0 12:02PM ??         0:06.01 /System/Library/Frameworks/WebKit.framework/Versions/A/XPCServices/com.apple.WebKit.WebContent.xpc/Contents/MacOS/com.apple.WebKit.WebContent
  501 16369     1   0 12:46PM ??         0:28.68 /System/Applications/Weather.app/Contents/PlugIns/WeatherWidget.appex/Contents/MacOS/WeatherWidget
  501 17051     1   0  3:56PM ??         0:29.50 /System/Library/Frameworks/WebKit.framework/Versions/A/XPCServices/com.apple.WebKit.WebContent.xpc/Contents/MacOS/com.apple.WebKit.WebContent
  501 17513     1   0  4:33PM ??         0:00.20 /System/Library/Frameworks/WebKit.framework/Versions/A/XPCServices/com.apple.WebKit.WebContent.xpc/Contents/MacOS/com.apple.WebKit.WebContent
  501 17695     1   0  4:43PM ??         0:00.02 /System/Library/PrivateFrameworks/KerberosHelper/Helpers/DiskUnmountWatcher
  501 18087     1   0  5:52PM ??         0:01.17 /usr/libexec/remindd
  222 19036     1   0  6:56PM ??         0:00.27 /usr/sbin/netbiosd
  501 19460     1   0  8:14PM ??         0:00.08 /System/Library/Frameworks/Metal.framework/Versions/A/XPCServices/MTLCompilerService.xpc/Contents/MacOS/MTLCompilerService
  501 19461     1   0  8:14PM ??         0:00.04 /System/Library/Frameworks/Metal.framework/Versions/A/XPCServices/MTLCompilerService.xpc/Contents/MacOS/MTLCompilerService
  501 19773     1   0  9:52PM ??         0:00.19 /System/Library/Frameworks/WebKit.framework/Versions/A/XPCServices/com.apple.WebKit.WebContent.xpc/Contents/MacOS/com.apple.WebKit.WebContent
  501 19774     1   0  9:52PM ??         0:00.22 /System/Library/Frameworks/WebKit.framework/Versions/A/XPCServices/com.apple.WebKit.WebContent.xpc/Contents/MacOS/com.apple.WebKit.WebContent
  501 19801     1   0  9:55PM ??         6:52.61 /Applications/Eclipse_2024-09.app/Contents/MacOS/eclipse
  501 19804 19801   0  9:55PM ??         0:06.94 /Applications/Eclipse_2024-09.app/Contents/java/21/bin/java -Dsts.lsp.client=eclipse -Xmx1024m -XX:TieredStopAtLevel=1 -Xlog:jni+resolve=off -XX:ErrorFile=/Applications/Eclipse_2024-09.app/Contents/spring_boot/.metadata/.plugins/org.springframework.tooling.boot.ls/fatal-error-spring-boot_1740488149054 -Dlanguageserver.hover-timeout=225 -jar /Applications/Eclipse_2024-09.app/Contents/Eclipse/dropins/STS/eclipse/plugins/org.springframework.tooling.boot.ls_1.57.0.202409101848/servers/spring-boot-language-server/spring-boot-language-server-1.57.0-SNAPSHOT-exec.jar
  501 19864     1   0  9:56PM ??         0:00.17 /System/Library/Frameworks/AppKit.framework/Versions/C/XPCServices/ThemeWidgetControlViewService.xpc/Contents/MacOS/ThemeWidgetControlViewService
  501 20398     1   0 10:45PM ??         0:00.75 /System/Library/PrivateFrameworks/HelpData.framework/Versions/A/Resources/helpd
  501 20401     1   0 10:46PM ??         0:00.59 /System/Library/PrivateFrameworks/UniversalAccess.framework/Versions/A/Resources/AXVisualSupportAgent.app/Contents/MacOS/AXVisualSupportAgent launchd -s
  501 20402     1   0 10:46PM ??         0:00.06 /System/Library/PrivateFrameworks/SiriTTSService.framework/Versions/A/XPCServices/com.apple.SiriTTSService.TrialProxy.xpc/Contents/MacOS/com.apple.SiriTTSService.TrialProxy
  501 20406     1   0 10:46PM ??         0:00.12 /System/Library/Frameworks/CoreServices.framework/Frameworks/Metadata.framework/Versions/A/Support/mdworker_shared -s mdworker -c MDSImporterWorker -m com.apple.mdworker.shared
    0   316     1   0 Sat05PM ??         0:00.04 /usr/libexec/remoted
  501 19806 19801   0  9:55PM ttys000    0:00.01 /bin/zsh
  501 19830 19801   0  9:55PM ttys001    0:00.03 /bin/zsh
    0 20411 19830   0 10:47PM ttys001    0:00.01 ps -ef
